****************************************************************************
***                      Sentaurus Structure Editor                      ***
***                          Version G-2012.06                           ***
***                         (1.3, amd64, linux)                          ***
***                                                                      ***
***               Copyright (C) 1994-2012 Synopsys, Inc.                 ***
***        Portions of this software are owned by Spatial Corp.          ***
***            Copyright (C) 1986-2012. All Rights Reserved.             ***
***                                                                      ***
***  This software and the associated documentation are confidential     ***
***  and proprietary to Synopsys, Inc.  Your use or disclosure of this   ***
***  software is subject to the terms and conditions of a written        ***
***  license agreement between you, or your company, and Synopsys, Inc.  ***
****************************************************************************

Compiled Thu Apr 19 23:14:21 PDT 2012 on tcadprod5

Machine type information not available.

Evaluating file n91_dvs.cmd

---> (sde:clear)

---> (define node 91)

---> (define MATERIALS (list Al.2Ga.8Sb Al.2Ga.8Sb Al.2Ga.8Sb Al.2Ga.8Sb InAlAs InAlAs GaSb GaSb GaSb GaSb Gold))

---> (define WIDTHS (list 50.0 50.0 50.0 50.0 50.0 50.0 50.0 50.0 50.0 50.0 50.0 50.0))
€
---> (define HEIGHTS (list 0.04 0.3 0.3 0.05 0.03 0.03 0.1 0.5 3 0.5 0.5))


---> (define DOPING_CONCENTRATIONS (list 1e+17 5e+16 5e+16 1e+18 1e+19 1e+19 5e+17 5e+16 5e+16 1e+18 10000000000.0))


---> (define PROFILE_NAMES (list top_window n_GaInP p_GaInP top_BSF p_tunnel1 n_tunnel1 mid_window n_InGaAs p_InGaAs mid_BSF gold))

---> (define Y 0)

---> (define X 0)

---> (sdegeo:create-rectangle (position -25.0 0 0) (position -24.0 -0.5 0) Gold Gold_region_1)

---> (sdegeo:create-rectangle (position -24.0 0 0) (position 25.0 -0.25 0) TiOx TiOx_region_1)

---> (sdegeo:create-rectangle (position -24.0 -0.25 0) (position 25.0 -0.5 0) MgF MgF_region_1)






****************************************************************************
***                            Sentaurus Mesh                            ***
***                          Version G-2012.06                           ***
***                         (1.5, amd64, linux)                          ***
***                                                                      ***
***                       Copyright (C) 2005-2012                        ***
***                            Synopsys, Inc.                          ***
***                                                                      ***
***  This software and the associated documentation are confidential     ***
***  and proprietary to Synopsys, Inc.  Your use or disclosure of this   ***
***  software is subject to the terms and conditions of a written        ***
***  license agreement between you, or your company, and Synopsys, Inc.  ***
****************************************************************************

Compiled Fri Apr 13 01:01:31 PDT 2012 on: tcadprod5
Running on: sunfire47
Process ID: 17946

Flags used:

** Generating 2d grid **

Creating binary tree...done.
Imprinting binary tree on the boundary...done.
Optimizing boundary nodes...done.

Number of vertices after binary tree generation : 
  10296 (tree) + 1084 (boundary)


=================================  brep2d quality  =====================================
minAngle: 90  [near (-25 4.35)] at region=GaSb_region6
nVerts = 1084  nTris = 1097  nRegs = 16
bmin: -25 -0.5
bmax: 25 5.35
min area: 0.000290527  max area: 1.5625  total area  : 711.2 interface area: 599.5
total volume: 292.5
Conformal? true
Are all boundaries on bbox? true
==================================================================================
** Delaunizing the mesh **

Creating delaunizer input...done.
Solving edges...done 
Optimizing elements...done. (11007 vertices)
Fixing diagonals...done.

The final mesh has: 
   11003 points.
   21301 elements.
      16 regions.
Max. connectivity = 7 located at (-24;-0)


==============================  tri-grid quality  ================================
    0  10  20  30  40  50  60  70  80  90 100 110 120 130 140 150 160 170 180
 %   33  .   .                   .   .   66                                
---------------------------------------------------------------------------------
minAngle: 0.00447623  maxAngle: 90
nVerts = 11003  nTris = 21301  nMats = 14
max connectivity (tris per node): 7
bmin: -25 -0.5
bmax: 25 5.35
min edgeLength: 0.00012207  [near (-17.1875 -6.10352e-05)]
min volume: 3.43323e-05  max volume: 0.142822  Total volume: 292.5
bbox  volume: 292.5
Are all boundaries on bbox? true
=================================================================================
Interpolating data...done.
done.
Saving file n91_msh.tdr...done.


"Meshing successful"
---> #[end-of-file]

"************************************************************************"
"Sentaurus Structure Editor "
"Start Time:    Fri Mar 14 11:52:11 2014"
"End   Time:    Fri Mar 14 11:52:17 2014"
"Total Execution Time (sec):    0"
"Total System calls Time (sec): 0"
"************************************************************************"
