****************************************************************************
***                            Sentaurus Mesh                            ***
***                          Version G-2012.06                           ***
***                         (1.5, amd64, linux)                          ***
***                                                                      ***
***                       Copyright (C) 2005-2012                        ***
***                            Synopsys, Inc.                          ***
***                                                                      ***
***  This software and the associated documentation are confidential     ***
***  and proprietary to Synopsys, Inc.  Your use or disclosure of this   ***
***  software is subject to the terms and conditions of a written        ***
***  license agreement between you, or your company, and Synopsys, Inc.  ***
****************************************************************************

Compiled Fri Apr 13 01:01:31 PDT 2012 on: tcadprod5
Running on: sunfire47
Process ID: 17946

Flags used:

** Generating 2d grid **

Creating binary tree...done.
Imprinting binary tree on the boundary...done.
Optimizing boundary nodes...done.

Number of vertices after binary tree generation : 
  10296 (tree) + 1084 (boundary)

** Delaunizing the mesh **

Creating delaunizer input...done.
Solving edges...done 
Optimizing elements...done. (11007 vertices)
Fixing diagonals...done.

The final mesh has: 
   11003 points.
   21301 elements.
      16 regions.
Max. connectivity = 7 located at (-24;-0)


==============================  tri-grid quality  ================================
    0  10  20  30  40  50  60  70  80  90 100 110 120 130 140 150 160 170 180
 %   33  .   .                   .   .   66                                
---------------------------------------------------------------------------------
minAngle: 0.00447623  maxAngle: 90
nVerts = 11003  nTris = 21301  nMats = 14
max connectivity (tris per node): 7
bmin: -25 -0.5
bmax: 25 5.35
min edgeLength: 0.00012207  [near (-17.1875 -6.10352e-05)]
min volume: 3.43323e-05  max volume: 0.142822  Total volume: 292.5
bbox  volume: 292.5
Are all boundaries on bbox? true
=================================================================================
Interpolating data...done.
done.
Saving file n91_msh.tdr...done.
