Tecplot 11.2-0-566 Batch Log
ACTION: LOADADDON
ACTION: FRAMECONTROL: DeleteTop
ACTION: READDATASET: "n20_des.tdr"
ACTION: DRAWGRAPHICS: NO
ACTION: RENAMEDATASETZONE: GaSb_region8
ACTION: RENAMEDATASETVAR: X [um]
ACTION: RENAMEDATASETVAR: Y [um]
ACTION: RENAMEDATASETZONE: GaSb_bot_window
ACTION: RENAMEDATASETZONE: Gold_region_1
ACTION: RENAMEDATASETZONE: GaAsSb_mid_window
ACTION: RENAMEDATASETZONE: GaAsSb_region5
ACTION: RENAMEDATASETZONE: GaSb_region9
ACTION: RENAMEDATASETZONE: GaSb_region10
ACTION: RENAMEDATASETZONE: GaAsSb_region6
ACTION: RENAMEDATASETZONE: GaAsSb_region7
ACTION: RENAMEDATASETZONE: GaSb_bot_BSF
ACTION: RENAMEDATASETZONE: GaAsSb_mid_BSF
ACTION: RENAMEDATASETZONE: MgF_region_1
ACTION: RENAMEDATASETZONE: TiOx_region_1
ACTION: RENAMEDATASETZONE: Goldregion_gold
ACTION: RENAMEDATASETZONE: back(Contact)
ACTION: RENAMEDATASETZONE: front(Contact)
ACTION: RENAMEDATASETVAR: ElectrostaticPotential [V]
ACTION: RENAMEDATASETZONE: GaSb_region8/state_0
ACTION: RENAMEDATASETVAR: ElectrostaticPotential [V]
ACTION: RENAMEDATASETZONE: GaSb_bot_window/state_0
ACTION: RENAMEDATASETVAR: ElectrostaticPotential [V]
ACTION: RENAMEDATASETZONE: Gold_region_1/state_0
ACTION: RENAMEDATASETVAR: ElectrostaticPotential [V]
ACTION: RENAMEDATASETZONE: GaAsSb_mid_window/state_0
ACTION: RENAMEDATASETVAR: ElectrostaticPotential [V]
ACTION: RENAMEDATASETZONE: GaAsSb_region5/state_0
ACTION: RENAMEDATASETVAR: ElectrostaticPotential [V]
ACTION: RENAMEDATASETZONE: GaSb_region9/state_0
ACTION: RENAMEDATASETVAR: ElectrostaticPotential [V]
ACTION: RENAMEDATASETZONE: GaSb_region10/state_0
ACTION: RENAMEDATASETVAR: ElectrostaticPotential [V]
ACTION: RENAMEDATASETZONE: GaAsSb_region6/state_0
ACTION: RENAMEDATASETVAR: ElectrostaticPotential [V]
ACTION: RENAMEDATASETZONE: GaAsSb_region7/state_0
ACTION: RENAMEDATASETVAR: ElectrostaticPotential [V]
ACTION: RENAMEDATASETZONE: GaSb_bot_BSF/state_0
ACTION: RENAMEDATASETVAR: ElectrostaticPotential [V]
ACTION: RENAMEDATASETZONE: GaAsSb_mid_BSF/state_0
ACTION: RENAMEDATASETVAR: ElectrostaticPotential [V]
ACTION: RENAMEDATASETZONE: MgF_region_1/state_0
ACTION: RENAMEDATASETVAR: ElectrostaticPotential [V]
ACTION: RENAMEDATASETZONE: TiOx_region_1/state_0
ACTION: RENAMEDATASETVAR: ElectrostaticPotential [V]
ACTION: RENAMEDATASETZONE: Goldregion_gold/state_0
ACTION: RENAMEDATASETVAR: eDensity [cm^-3]
ACTION: RENAMEDATASETZONE: GaSb_region8/state_0
ACTION: RENAMEDATASETVAR: eDensity [cm^-3]
ACTION: RENAMEDATASETZONE: GaSb_bot_window/state_0
ACTION: RENAMEDATASETVAR: eDensity [cm^-3]
ACTION: RENAMEDATASETZONE: GaAsSb_mid_window/state_0
ACTION: RENAMEDATASETVAR: eDensity [cm^-3]
ACTION: RENAMEDATASETZONE: GaAsSb_region5/state_0
ACTION: RENAMEDATASETVAR: eDensity [cm^-3]
ACTION: RENAMEDATASETZONE: GaSb_region9/state_0
ACTION: RENAMEDATASETVAR: eDensity [cm^-3]
ACTION: RENAMEDATASETZONE: GaSb_region10/state_0
ACTION: RENAMEDATASETVAR: eDensity [cm^-3]
ACTION: RENAMEDATASETZONE: GaAsSb_region6/state_0
ACTION: RENAMEDATASETVAR: eDensity [cm^-3]
ACTION: RENAMEDATASETZONE: GaAsSb_region7/state_0
ACTION: RENAMEDATASETVAR: eDensity [cm^-3]
ACTION: RENAMEDATASETZONE: GaSb_bot_BSF/state_0
ACTION: RENAMEDATASETVAR: eDensity [cm^-3]
ACTION: RENAMEDATASETZONE: GaAsSb_mid_BSF/state_0
ACTION: RENAMEDATASETVAR: hDensity [cm^-3]
ACTION: RENAMEDATASETZONE: GaSb_region8/state_0
ACTION: RENAMEDATASETVAR: hDensity [cm^-3]
ACTION: RENAMEDATASETZONE: GaSb_bot_window/state_0
ACTION: RENAMEDATASETVAR: hDensity [cm^-3]
ACTION: RENAMEDATASETZONE: GaAsSb_mid_window/state_0
ACTION: RENAMEDATASETVAR: hDensity [cm^-3]
ACTION: RENAMEDATASETZONE: GaAsSb_region5/state_0
ACTION: RENAMEDATASETVAR: hDensity [cm^-3]
ACTION: RENAMEDATASETZONE: GaSb_region9/state_0
ACTION: RENAMEDATASETVAR: hDensity [cm^-3]
ACTION: RENAMEDATASETZONE: GaSb_region10/state_0
ACTION: RENAMEDATASETVAR: hDensity [cm^-3]
ACTION: RENAMEDATASETZONE: GaAsSb_region6/state_0
ACTION: RENAMEDATASETVAR: hDensity [cm^-3]
ACTION: RENAMEDATASETZONE: GaAsSb_region7/state_0
ACTION: RENAMEDATASETVAR: hDensity [cm^-3]
ACTION: RENAMEDATASETZONE: GaSb_bot_BSF/state_0
ACTION: RENAMEDATASETVAR: hDensity [cm^-3]
ACTION: RENAMEDATASETZONE: GaAsSb_mid_BSF/state_0
ACTION: RENAMEDATASETVAR: LatticeTemperature [K]
ACTION: RENAMEDATASETZONE: GaSb_region8/state_0
ACTION: RENAMEDATASETVAR: LatticeTemperature [K]
ACTION: RENAMEDATASETZONE: GaSb_bot_window/state_0
ACTION: RENAMEDATASETVAR: LatticeTemperature [K]
ACTION: RENAMEDATASETZONE: Gold_region_1/state_0
ACTION: RENAMEDATASETVAR: LatticeTemperature [K]
ACTION: RENAMEDATASETZONE: GaAsSb_mid_window/state_0
ACTION: RENAMEDATASETVAR: LatticeTemperature [K]
ACTION: RENAMEDATASETZONE: GaAsSb_region5/state_0
ACTION: RENAMEDATASETVAR: LatticeTemperature [K]
ACTION: RENAMEDATASETZONE: GaSb_region9/state_0
ACTION: RENAMEDATASETVAR: LatticeTemperature [K]
ACTION: RENAMEDATASETZONE: GaSb_region10/state_0
ACTION: RENAMEDATASETVAR: LatticeTemperature [K]
ACTION: RENAMEDATASETZONE: GaAsSb_region6/state_0
ACTION: RENAMEDATASETVAR: LatticeTemperature [K]
ACTION: RENAMEDATASETZONE: GaAsSb_region7/state_0
ACTION: RENAMEDATASETVAR: LatticeTemperature [K]
ACTION: RENAMEDATASETZONE: GaSb_bot_BSF/state_0
ACTION: RENAMEDATASETVAR: LatticeTemperature [K]
ACTION: RENAMEDATASETZONE: GaAsSb_mid_BSF/state_0
ACTION: RENAMEDATASETVAR: LatticeTemperature [K]
ACTION: RENAMEDATASETZONE: MgF_region_1/state_0
ACTION: RENAMEDATASETVAR: LatticeTemperature [K]
ACTION: RENAMEDATASETZONE: TiOx_region_1/state_0
ACTION: RENAMEDATASETVAR: LatticeTemperature [K]
ACTION: RENAMEDATASETZONE: Goldregion_gold/state_0
ACTION: RENAMEDATASETVAR: eCurrentDensity [A*cm^-2]
ACTION: RENAMEDATASETZONE: GaSb_region8/state_0
ACTION: RENAMEDATASETVAR: eCurrentDensity [A*cm^-2]
ACTION: RENAMEDATASETZONE: GaSb_bot_window/state_0
ACTION: RENAMEDATASETVAR: eCurrentDensity [A*cm^-2]
ACTION: RENAMEDATASETZONE: GaAsSb_mid_window/state_0
ACTION: RENAMEDATASETVAR: eCurrentDensity [A*cm^-2]
ACTION: RENAMEDATASETZONE: GaAsSb_region5/state_0
ACTION: RENAMEDATASETVAR: eCurrentDensity [A*cm^-2]
ACTION: RENAMEDATASETZONE: GaSb_region9/state_0
ACTION: RENAMEDATASETVAR: eCurrentDensity [A*cm^-2]
ACTION: RENAMEDATASETZONE: GaSb_region10/state_0
ACTION: RENAMEDATASETVAR: eCurrentDensity [A*cm^-2]
ACTION: RENAMEDATASETZONE: GaAsSb_region6/state_0
ACTION: RENAMEDATASETVAR: eCurrentDensity [A*cm^-2]
ACTION: RENAMEDATASETZONE: GaAsSb_region7/state_0
ACTION: RENAMEDATASETVAR: eCurrentDensity [A*cm^-2]
ACTION: RENAMEDATASETZONE: GaSb_bot_BSF/state_0
ACTION: RENAMEDATASETVAR: eCurrentDensity [A*cm^-2]
ACTION: RENAMEDATASETZONE: GaAsSb_mid_BSF/state_0
ACTION: RENAMEDATASETVAR: hCurrentDensity [A*cm^-2]
ACTION: RENAMEDATASETZONE: GaSb_region8/state_0
ACTION: RENAMEDATASETVAR: hCurrentDensity [A*cm^-2]
ACTION: RENAMEDATASETZONE: GaSb_bot_window/state_0
ACTION: RENAMEDATASETVAR: hCurrentDensity [A*cm^-2]
ACTION: RENAMEDATASETZONE: GaAsSb_mid_window/state_0
ACTION: RENAMEDATASETVAR: hCurrentDensity [A*cm^-2]
ACTION: RENAMEDATASETZONE: GaAsSb_region5/state_0
ACTION: RENAMEDATASETVAR: hCurrentDensity [A*cm^-2]
ACTION: RENAMEDATASETZONE: GaSb_region9/state_0
ACTION: RENAMEDATASETVAR: hCurrentDensity [A*cm^-2]
ACTION: RENAMEDATASETZONE: GaSb_region10/state_0
ACTION: RENAMEDATASETVAR: hCurrentDensity [A*cm^-2]
ACTION: RENAMEDATASETZONE: GaAsSb_region6/state_0
ACTION: RENAMEDATASETVAR: hCurrentDensity [A*cm^-2]
ACTION: RENAMEDATASETZONE: GaAsSb_region7/state_0
ACTION: RENAMEDATASETVAR: hCurrentDensity [A*cm^-2]
ACTION: RENAMEDATASETZONE: GaSb_bot_BSF/state_0
ACTION: RENAMEDATASETVAR: hCurrentDensity [A*cm^-2]
ACTION: RENAMEDATASETZONE: GaAsSb_mid_BSF/state_0
ACTION: RENAMEDATASETVAR: ElectricField [V*cm^-1]
ACTION: RENAMEDATASETZONE: GaSb_region8/state_0
ACTION: RENAMEDATASETVAR: ElectricField [V*cm^-1]
ACTION: RENAMEDATASETZONE: GaSb_bot_window/state_0
ACTION: RENAMEDATASETVAR: ElectricField [V*cm^-1]
ACTION: RENAMEDATASETZONE: Gold_region_1/state_0
ACTION: RENAMEDATASETVAR: ElectricField [V*cm^-1]
ACTION: RENAMEDATASETZONE: GaAsSb_mid_window/state_0
ACTION: RENAMEDATASETVAR: ElectricField [V*cm^-1]
ACTION: RENAMEDATASETZONE: GaAsSb_region5/state_0
ACTION: RENAMEDATASETVAR: ElectricField [V*cm^-1]
ACTION: RENAMEDATASETZONE: GaSb_region9/state_0
ACTION: RENAMEDATASETVAR: ElectricField [V*cm^-1]
ACTION: RENAMEDATASETZONE: GaSb_region10/state_0
ACTION: RENAMEDATASETVAR: ElectricField [V*cm^-1]
ACTION: RENAMEDATASETZONE: GaAsSb_region6/state_0
ACTION: RENAMEDATASETVAR: ElectricField [V*cm^-1]
ACTION: RENAMEDATASETZONE: GaAsSb_region7/state_0
ACTION: RENAMEDATASETVAR: ElectricField [V*cm^-1]
ACTION: RENAMEDATASETZONE: GaSb_bot_BSF/state_0
ACTION: RENAMEDATASETVAR: ElectricField [V*cm^-1]
ACTION: RENAMEDATASETZONE: GaAsSb_mid_BSF/state_0
ACTION: RENAMEDATASETVAR: ElectricField [V*cm^-1]
ACTION: RENAMEDATASETZONE: MgF_region_1/state_0
ACTION: RENAMEDATASETVAR: ElectricField [V*cm^-1]
ACTION: RENAMEDATASETZONE: TiOx_region_1/state_0
ACTION: RENAMEDATASETVAR: ElectricField [V*cm^-1]
ACTION: RENAMEDATASETZONE: Goldregion_gold/state_0
ACTION: RENAMEDATASETVAR: eMobility [cm^2*V^-1*s^-1]
ACTION: RENAMEDATASETZONE: GaSb_region8/state_0
ACTION: RENAMEDATASETVAR: eMobility [cm^2*V^-1*s^-1]
ACTION: RENAMEDATASETZONE: GaSb_bot_window/state_0
ACTION: RENAMEDATASETVAR: eMobility [cm^2*V^-1*s^-1]
ACTION: RENAMEDATASETZONE: GaAsSb_mid_window/state_0
ACTION: RENAMEDATASETVAR: eMobility [cm^2*V^-1*s^-1]
ACTION: RENAMEDATASETZONE: GaAsSb_region5/state_0
ACTION: RENAMEDATASETVAR: eMobility [cm^2*V^-1*s^-1]
ACTION: RENAMEDATASETZONE: GaSb_region9/state_0
ACTION: RENAMEDATASETVAR: eMobility [cm^2*V^-1*s^-1]
ACTION: RENAMEDATASETZONE: GaSb_region10/state_0
ACTION: RENAMEDATASETVAR: eMobility [cm^2*V^-1*s^-1]
ACTION: RENAMEDATASETZONE: GaAsSb_region6/state_0
ACTION: RENAMEDATASETVAR: eMobility [cm^2*V^-1*s^-1]
ACTION: RENAMEDATASETZONE: GaAsSb_region7/state_0
ACTION: RENAMEDATASETVAR: eMobility [cm^2*V^-1*s^-1]
ACTION: RENAMEDATASETZONE: GaSb_bot_BSF/state_0
ACTION: RENAMEDATASETVAR: eMobility [cm^2*V^-1*s^-1]
ACTION: RENAMEDATASETZONE: GaAsSb_mid_BSF/state_0
ACTION: RENAMEDATASETVAR: hMobility [cm^2*V^-1*s^-1]
ACTION: RENAMEDATASETZONE: GaSb_region8/state_0
ACTION: RENAMEDATASETVAR: hMobility [cm^2*V^-1*s^-1]
ACTION: RENAMEDATASETZONE: GaSb_bot_window/state_0
ACTION: RENAMEDATASETVAR: hMobility [cm^2*V^-1*s^-1]
ACTION: RENAMEDATASETZONE: GaAsSb_mid_window/state_0
ACTION: RENAMEDATASETVAR: hMobility [cm^2*V^-1*s^-1]
ACTION: RENAMEDATASETZONE: GaAsSb_region5/state_0
ACTION: RENAMEDATASETVAR: hMobility [cm^2*V^-1*s^-1]
ACTION: RENAMEDATASETZONE: GaSb_region9/state_0
ACTION: RENAMEDATASETVAR: hMobility [cm^2*V^-1*s^-1]
ACTION: RENAMEDATASETZONE: GaSb_region10/state_0
ACTION: RENAMEDATASETVAR: hMobility [cm^2*V^-1*s^-1]
ACTION: RENAMEDATASETZONE: GaAsSb_region6/state_0
ACTION: RENAMEDATASETVAR: hMobility [cm^2*V^-1*s^-1]
ACTION: RENAMEDATASETZONE: GaAsSb_region7/state_0
ACTION: RENAMEDATASETVAR: hMobility [cm^2*V^-1*s^-1]
ACTION: RENAMEDATASETZONE: GaSb_bot_BSF/state_0
ACTION: RENAMEDATASETVAR: hMobility [cm^2*V^-1*s^-1]
ACTION: RENAMEDATASETZONE: GaAsSb_mid_BSF/state_0
ACTION: RENAMEDATASETVAR: eVelocity [cm*s^-1]
ACTION: RENAMEDATASETZONE: GaSb_region8/state_0
ACTION: RENAMEDATASETVAR: eVelocity [cm*s^-1]
ACTION: RENAMEDATASETZONE: GaSb_bot_window/state_0
ACTION: RENAMEDATASETVAR: eVelocity [cm*s^-1]
ACTION: RENAMEDATASETZONE: GaAsSb_mid_window/state_0
ACTION: RENAMEDATASETVAR: eVelocity [cm*s^-1]
ACTION: RENAMEDATASETZONE: GaAsSb_region5/state_0
ACTION: RENAMEDATASETVAR: eVelocity [cm*s^-1]
ACTION: RENAMEDATASETZONE: GaSb_region9/state_0
ACTION: RENAMEDATASETVAR: eVelocity [cm*s^-1]
ACTION: RENAMEDATASETZONE: GaSb_region10/state_0
ACTION: RENAMEDATASETVAR: eVelocity [cm*s^-1]
ACTION: RENAMEDATASETZONE: GaAsSb_region6/state_0
ACTION: RENAMEDATASETVAR: eVelocity [cm*s^-1]
ACTION: RENAMEDATASETZONE: GaAsSb_region7/state_0
ACTION: RENAMEDATASETVAR: eVelocity [cm*s^-1]
ACTION: RENAMEDATASETZONE: GaSb_bot_BSF/state_0
ACTION: RENAMEDATASETVAR: eVelocity [cm*s^-1]
ACTION: RENAMEDATASETZONE: GaAsSb_mid_BSF/state_0
ACTION: RENAMEDATASETVAR: hVelocity [cm*s^-1]
ACTION: RENAMEDATASETZONE: GaSb_region8/state_0
ACTION: RENAMEDATASETVAR: hVelocity [cm*s^-1]
ACTION: RENAMEDATASETZONE: GaSb_bot_window/state_0
ACTION: RENAMEDATASETVAR: hVelocity [cm*s^-1]
ACTION: RENAMEDATASETZONE: GaAsSb_mid_window/state_0
ACTION: RENAMEDATASETVAR: hVelocity [cm*s^-1]
ACTION: RENAMEDATASETZONE: GaAsSb_region5/state_0
ACTION: RENAMEDATASETVAR: hVelocity [cm*s^-1]
ACTION: RENAMEDATASETZONE: GaSb_region9/state_0
ACTION: RENAMEDATASETVAR: hVelocity [cm*s^-1]
ACTION: RENAMEDATASETZONE: GaSb_region10/state_0
ACTION: RENAMEDATASETVAR: hVelocity [cm*s^-1]
ACTION: RENAMEDATASETZONE: GaAsSb_region6/state_0
ACTION: RENAMEDATASETVAR: hVelocity [cm*s^-1]
ACTION: RENAMEDATASETZONE: GaAsSb_region7/state_0
ACTION: RENAMEDATASETVAR: hVelocity [cm*s^-1]
ACTION: RENAMEDATASETZONE: GaSb_bot_BSF/state_0
ACTION: RENAMEDATASETVAR: hVelocity [cm*s^-1]
ACTION: RENAMEDATASETZONE: GaAsSb_mid_BSF/state_0
ACTION: RENAMEDATASETVAR: OpticalIntensity [W*m^-3]
ACTION: RENAMEDATASETZONE: GaSb_region8/state_0
ACTION: RENAMEDATASETVAR: OpticalIntensity [W*m^-3]
ACTION: RENAMEDATASETZONE: GaSb_bot_window/state_0
ACTION: RENAMEDATASETVAR: OpticalIntensity [W*m^-3]
ACTION: RENAMEDATASETZONE: Gold_region_1/state_0
ACTION: RENAMEDATASETVAR: OpticalIntensity [W*m^-3]
ACTION: RENAMEDATASETZONE: GaAsSb_mid_window/state_0
ACTION: RENAMEDATASETVAR: OpticalIntensity [W*m^-3]
ACTION: RENAMEDATASETZONE: GaAsSb_region5/state_0
ACTION: RENAMEDATASETVAR: OpticalIntensity [W*m^-3]
ACTION: RENAMEDATASETZONE: GaSb_region9/state_0
ACTION: RENAMEDATASETVAR: OpticalIntensity [W*m^-3]
ACTION: RENAMEDATASETZONE: GaSb_region10/state_0
ACTION: RENAMEDATASETVAR: OpticalIntensity [W*m^-3]
ACTION: RENAMEDATASETZONE: GaAsSb_region6/state_0
ACTION: RENAMEDATASETVAR: OpticalIntensity [W*m^-3]
ACTION: RENAMEDATASETZONE: GaAsSb_region7/state_0
ACTION: RENAMEDATASETVAR: OpticalIntensity [W*m^-3]
ACTION: RENAMEDATASETZONE: GaSb_bot_BSF/state_0
ACTION: RENAMEDATASETVAR: OpticalIntensity [W*m^-3]
ACTION: RENAMEDATASETZONE: GaAsSb_mid_BSF/state_0
ACTION: RENAMEDATASETVAR: OpticalIntensity [W*m^-3]
ACTION: RENAMEDATASETZONE: MgF_region_1/state_0
ACTION: RENAMEDATASETVAR: OpticalIntensity [W*m^-3]
ACTION: RENAMEDATASETZONE: TiOx_region_1/state_0
ACTION: RENAMEDATASETVAR: OpticalIntensity [W*m^-3]
ACTION: RENAMEDATASETZONE: Goldregion_gold/state_0
ACTION: RENAMEDATASETVAR: OpticalGeneration [cm^-3*s^-1]
ACTION: RENAMEDATASETZONE: GaSb_region8/state_0
ACTION: RENAMEDATASETVAR: OpticalGeneration [cm^-3*s^-1]
ACTION: RENAMEDATASETZONE: GaSb_bot_window/state_0
ACTION: RENAMEDATASETVAR: OpticalGeneration [cm^-3*s^-1]
ACTION: RENAMEDATASETZONE: GaAsSb_mid_window/state_0
ACTION: RENAMEDATASETVAR: OpticalGeneration [cm^-3*s^-1]
ACTION: RENAMEDATASETZONE: GaAsSb_region5/state_0
ACTION: RENAMEDATASETVAR: OpticalGeneration [cm^-3*s^-1]
ACTION: RENAMEDATASETZONE: GaSb_region9/state_0
ACTION: RENAMEDATASETVAR: OpticalGeneration [cm^-3*s^-1]
ACTION: RENAMEDATASETZONE: GaSb_region10/state_0
ACTION: RENAMEDATASETVAR: OpticalGeneration [cm^-3*s^-1]
ACTION: RENAMEDATASETZONE: GaAsSb_region6/state_0
ACTION: RENAMEDATASETVAR: OpticalGeneration [cm^-3*s^-1]
ACTION: RENAMEDATASETZONE: GaAsSb_region7/state_0
ACTION: RENAMEDATASETVAR: OpticalGeneration [cm^-3*s^-1]
ACTION: RENAMEDATASETZONE: GaSb_bot_BSF/state_0
ACTION: RENAMEDATASETVAR: OpticalGeneration [cm^-3*s^-1]
ACTION: RENAMEDATASETZONE: GaAsSb_mid_BSF/state_0
ACTION: RENAMEDATASETVAR: OpticalAbsorption [m^-1]
ACTION: RENAMEDATASETZONE: GaSb_region8/state_0
ACTION: RENAMEDATASETVAR: OpticalAbsorption [m^-1]
ACTION: RENAMEDATASETZONE: GaSb_bot_window/state_0
ACTION: RENAMEDATASETVAR: OpticalAbsorption [m^-1]
ACTION: RENAMEDATASETZONE: Gold_region_1/state_0
ACTION: RENAMEDATASETVAR: OpticalAbsorption [m^-1]
ACTION: RENAMEDATASETZONE: GaAsSb_mid_window/state_0
ACTION: RENAMEDATASETVAR: OpticalAbsorption [m^-1]
ACTION: RENAMEDATASETZONE: GaAsSb_region5/state_0
ACTION: RENAMEDATASETVAR: OpticalAbsorption [m^-1]
ACTION: RENAMEDATASETZONE: GaSb_region9/state_0
ACTION: RENAMEDATASETVAR: OpticalAbsorption [m^-1]
ACTION: RENAMEDATASETZONE: GaSb_region10/state_0
ACTION: RENAMEDATASETVAR: OpticalAbsorption [m^-1]
ACTION: RENAMEDATASETZONE: GaAsSb_region6/state_0
ACTION: RENAMEDATASETVAR: OpticalAbsorption [m^-1]
ACTION: RENAMEDATASETZONE: GaAsSb_region7/state_0
ACTION: RENAMEDATASETVAR: OpticalAbsorption [m^-1]
ACTION: RENAMEDATASETZONE: GaSb_bot_BSF/state_0
ACTION: RENAMEDATASETVAR: OpticalAbsorption [m^-1]
ACTION: RENAMEDATASETZONE: GaAsSb_mid_BSF/state_0
ACTION: RENAMEDATASETVAR: OpticalAbsorption [m^-1]
ACTION: RENAMEDATASETZONE: MgF_region_1/state_0
ACTION: RENAMEDATASETVAR: OpticalAbsorption [m^-1]
ACTION: RENAMEDATASETZONE: TiOx_region_1/state_0
ACTION: RENAMEDATASETVAR: OpticalAbsorption [m^-1]
ACTION: RENAMEDATASETZONE: Goldregion_gold/state_0
ACTION: RENAMEDATASETVAR: NDopantConcentration [cm^-3]
ACTION: RENAMEDATASETZONE: GaSb_region8/state_0
ACTION: RENAMEDATASETVAR: NDopantConcentration [cm^-3]
ACTION: RENAMEDATASETZONE: GaSb_bot_window/state_0
ACTION: RENAMEDATASETVAR: NDopantConcentration [cm^-3]
ACTION: RENAMEDATASETZONE: GaAsSb_mid_window/state_0
ACTION: RENAMEDATASETVAR: NDopantConcentration [cm^-3]
ACTION: RENAMEDATASETZONE: GaAsSb_region5/state_0
ACTION: RENAMEDATASETVAR: NDopantConcentration [cm^-3]
ACTION: RENAMEDATASETZONE: GaSb_region9/state_0
ACTION: RENAMEDATASETVAR: NDopantConcentration [cm^-3]
ACTION: RENAMEDATASETZONE: GaSb_region10/state_0
ACTION: RENAMEDATASETVAR: NDopantConcentration [cm^-3]
ACTION: RENAMEDATASETZONE: GaAsSb_region6/state_0
ACTION: RENAMEDATASETVAR: NDopantConcentration [cm^-3]
ACTION: RENAMEDATASETZONE: GaAsSb_region7/state_0
ACTION: RENAMEDATASETVAR: NDopantConcentration [cm^-3]
ACTION: RENAMEDATASETZONE: GaSb_bot_BSF/state_0
ACTION: RENAMEDATASETVAR: NDopantConcentration [cm^-3]
ACTION: RENAMEDATASETZONE: GaAsSb_mid_BSF/state_0
ACTION: RENAMEDATASETVAR: PDopantConcentration [cm^-3]
ACTION: RENAMEDATASETZONE: GaSb_region8/state_0
ACTION: RENAMEDATASETVAR: PDopantConcentration [cm^-3]
ACTION: RENAMEDATASETZONE: GaSb_bot_window/state_0
ACTION: RENAMEDATASETVAR: PDopantConcentration [cm^-3]
ACTION: RENAMEDATASETZONE: GaAsSb_mid_window/state_0
ACTION: RENAMEDATASETVAR: PDopantConcentration [cm^-3]
ACTION: RENAMEDATASETZONE: GaAsSb_region5/state_0
ACTION: RENAMEDATASETVAR: PDopantConcentration [cm^-3]
ACTION: RENAMEDATASETZONE: GaSb_region9/state_0
ACTION: RENAMEDATASETVAR: PDopantConcentration [cm^-3]
ACTION: RENAMEDATASETZONE: GaSb_region10/state_0
ACTION: RENAMEDATASETVAR: PDopantConcentration [cm^-3]
ACTION: RENAMEDATASETZONE: GaAsSb_region6/state_0
ACTION: RENAMEDATASETVAR: PDopantConcentration [cm^-3]
ACTION: RENAMEDATASETZONE: GaAsSb_region7/state_0
ACTION: RENAMEDATASETVAR: PDopantConcentration [cm^-3]
ACTION: RENAMEDATASETZONE: GaSb_bot_BSF/state_0
ACTION: RENAMEDATASETVAR: PDopantConcentration [cm^-3]
ACTION: RENAMEDATASETZONE: GaAsSb_mid_BSF/state_0
ACTION: RENAMEDATASETVAR: xMoleFraction [1]
ACTION: RENAMEDATASETZONE: GaSb_region8/state_0
ACTION: RENAMEDATASETVAR: xMoleFraction [1]
ACTION: RENAMEDATASETZONE: GaSb_bot_window/state_0
ACTION: RENAMEDATASETVAR: xMoleFraction [1]
ACTION: RENAMEDATASETZONE: Gold_region_1/state_0
ACTION: RENAMEDATASETVAR: xMoleFraction [1]
ACTION: RENAMEDATASETZONE: GaAsSb_mid_window/state_0
ACTION: RENAMEDATASETVAR: xMoleFraction [1]
ACTION: RENAMEDATASETZONE: GaAsSb_region5/state_0
ACTION: RENAMEDATASETVAR: xMoleFraction [1]
ACTION: RENAMEDATASETZONE: GaSb_region9/state_0
ACTION: RENAMEDATASETVAR: xMoleFraction [1]
ACTION: RENAMEDATASETZONE: GaSb_region10/state_0
ACTION: RENAMEDATASETVAR: xMoleFraction [1]
ACTION: RENAMEDATASETZONE: GaAsSb_region6/state_0
ACTION: RENAMEDATASETVAR: xMoleFraction [1]
ACTION: RENAMEDATASETZONE: GaAsSb_region7/state_0
ACTION: RENAMEDATASETVAR: xMoleFraction [1]
ACTION: RENAMEDATASETZONE: GaSb_bot_BSF/state_0
ACTION: RENAMEDATASETVAR: xMoleFraction [1]
ACTION: RENAMEDATASETZONE: GaAsSb_mid_BSF/state_0
ACTION: RENAMEDATASETVAR: xMoleFraction [1]
ACTION: RENAMEDATASETZONE: MgF_region_1/state_0
ACTION: RENAMEDATASETVAR: xMoleFraction [1]
ACTION: RENAMEDATASETZONE: TiOx_region_1/state_0
ACTION: RENAMEDATASETVAR: xMoleFraction [1]
ACTION: RENAMEDATASETZONE: Goldregion_gold/state_0
ACTION: RENAMEDATASETVAR: DopingConcentration [cm^-3]
ACTION: RENAMEDATASETZONE: GaSb_region8/state_0
ACTION: RENAMEDATASETVAR: DopingConcentration [cm^-3]
ACTION: RENAMEDATASETZONE: GaSb_bot_window/state_0
ACTION: RENAMEDATASETVAR: DopingConcentration [cm^-3]
ACTION: RENAMEDATASETZONE: GaAsSb_mid_window/state_0
ACTION: RENAMEDATASETVAR: DopingConcentration [cm^-3]
ACTION: RENAMEDATASETZONE: GaAsSb_region5/state_0
ACTION: RENAMEDATASETVAR: DopingConcentration [cm^-3]
ACTION: RENAMEDATASETZONE: GaSb_region9/state_0
ACTION: RENAMEDATASETVAR: DopingConcentration [cm^-3]
ACTION: RENAMEDATASETZONE: GaSb_region10/state_0
ACTION: RENAMEDATASETVAR: DopingConcentration [cm^-3]
ACTION: RENAMEDATASETZONE: GaAsSb_region6/state_0
ACTION: RENAMEDATASETVAR: DopingConcentration [cm^-3]
ACTION: RENAMEDATASETZONE: GaAsSb_region7/state_0
ACTION: RENAMEDATASETVAR: DopingConcentration [cm^-3]
ACTION: RENAMEDATASETZONE: GaSb_bot_BSF/state_0
ACTION: RENAMEDATASETVAR: DopingConcentration [cm^-3]
ACTION: RENAMEDATASETZONE: GaAsSb_mid_BSF/state_0
ACTION: RENAMEDATASETVAR: DonorConcentration [cm^-3]
ACTION: RENAMEDATASETZONE: GaSb_region8/state_0
ACTION: RENAMEDATASETVAR: DonorConcentration [cm^-3]
ACTION: RENAMEDATASETZONE: GaSb_bot_window/state_0
ACTION: RENAMEDATASETVAR: DonorConcentration [cm^-3]
ACTION: RENAMEDATASETZONE: GaAsSb_mid_window/state_0
ACTION: RENAMEDATASETVAR: DonorConcentration [cm^-3]
ACTION: RENAMEDATASETZONE: GaAsSb_region5/state_0
ACTION: RENAMEDATASETVAR: DonorConcentration [cm^-3]
ACTION: RENAMEDATASETZONE: GaSb_region9/state_0
ACTION: RENAMEDATASETVAR: DonorConcentration [cm^-3]
ACTION: RENAMEDATASETZONE: GaSb_region10/state_0
ACTION: RENAMEDATASETVAR: DonorConcentration [cm^-3]
ACTION: RENAMEDATASETZONE: GaAsSb_region6/state_0
ACTION: RENAMEDATASETVAR: DonorConcentration [cm^-3]
ACTION: RENAMEDATASETZONE: GaAsSb_region7/state_0
ACTION: RENAMEDATASETVAR: DonorConcentration [cm^-3]
ACTION: RENAMEDATASETZONE: GaSb_bot_BSF/state_0
ACTION: RENAMEDATASETVAR: DonorConcentration [cm^-3]
ACTION: RENAMEDATASETZONE: GaAsSb_mid_BSF/state_0
ACTION: RENAMEDATASETVAR: AcceptorConcentration [cm^-3]
ACTION: RENAMEDATASETZONE: GaSb_region8/state_0
ACTION: RENAMEDATASETVAR: AcceptorConcentration [cm^-3]
ACTION: RENAMEDATASETZONE: GaSb_bot_window/state_0
ACTION: RENAMEDATASETVAR: AcceptorConcentration [cm^-3]
ACTION: RENAMEDATASETZONE: GaAsSb_mid_window/state_0
ACTION: RENAMEDATASETVAR: AcceptorConcentration [cm^-3]
ACTION: RENAMEDATASETZONE: GaAsSb_region5/state_0
ACTION: RENAMEDATASETVAR: AcceptorConcentration [cm^-3]
ACTION: RENAMEDATASETZONE: GaSb_region9/state_0
ACTION: RENAMEDATASETVAR: AcceptorConcentration [cm^-3]
ACTION: RENAMEDATASETZONE: GaSb_region10/state_0
ACTION: RENAMEDATASETVAR: AcceptorConcentration [cm^-3]
ACTION: RENAMEDATASETZONE: GaAsSb_region6/state_0
ACTION: RENAMEDATASETVAR: AcceptorConcentration [cm^-3]
ACTION: RENAMEDATASETZONE: GaAsSb_region7/state_0
ACTION: RENAMEDATASETVAR: AcceptorConcentration [cm^-3]
ACTION: RENAMEDATASETZONE: GaSb_bot_BSF/state_0
ACTION: RENAMEDATASETVAR: AcceptorConcentration [cm^-3]
ACTION: RENAMEDATASETZONE: GaAsSb_mid_BSF/state_0
ACTION: RENAMEDATASETVAR: eEffectiveStateDensity [1]
ACTION: RENAMEDATASETZONE: GaSb_region8/state_0
ACTION: RENAMEDATASETVAR: eEffectiveStateDensity [1]
ACTION: RENAMEDATASETZONE: GaSb_bot_window/state_0
ACTION: RENAMEDATASETVAR: eEffectiveStateDensity [1]
ACTION: RENAMEDATASETZONE: Gold_region_1/state_0
ACTION: RENAMEDATASETVAR: eEffectiveStateDensity [1]
ACTION: RENAMEDATASETZONE: GaAsSb_mid_window/state_0
ACTION: RENAMEDATASETVAR: eEffectiveStateDensity [1]
ACTION: RENAMEDATASETZONE: GaAsSb_region5/state_0
ACTION: RENAMEDATASETVAR: eEffectiveStateDensity [1]
ACTION: RENAMEDATASETZONE: GaSb_region9/state_0
ACTION: RENAMEDATASETVAR: eEffectiveStateDensity [1]
ACTION: RENAMEDATASETZONE: GaSb_region10/state_0
ACTION: RENAMEDATASETVAR: eEffectiveStateDensity [1]
ACTION: RENAMEDATASETZONE: GaAsSb_region6/state_0
ACTION: RENAMEDATASETVAR: eEffectiveStateDensity [1]
ACTION: RENAMEDATASETZONE: GaAsSb_region7/state_0
ACTION: RENAMEDATASETVAR: eEffectiveStateDensity [1]
ACTION: RENAMEDATASETZONE: GaSb_bot_BSF/state_0
ACTION: RENAMEDATASETVAR: eEffectiveStateDensity [1]
ACTION: RENAMEDATASETZONE: GaAsSb_mid_BSF/state_0
ACTION: RENAMEDATASETVAR: eEffectiveStateDensity [1]
ACTION: RENAMEDATASETZONE: MgF_region_1/state_0
ACTION: RENAMEDATASETVAR: eEffectiveStateDensity [1]
ACTION: RENAMEDATASETZONE: TiOx_region_1/state_0
ACTION: RENAMEDATASETVAR: eEffectiveStateDensity [1]
ACTION: RENAMEDATASETZONE: Goldregion_gold/state_0
ACTION: RENAMEDATASETVAR: hEffectiveStateDensity [1]
ACTION: RENAMEDATASETZONE: GaSb_region8/state_0
ACTION: RENAMEDATASETVAR: hEffectiveStateDensity [1]
ACTION: RENAMEDATASETZONE: GaSb_bot_window/state_0
ACTION: RENAMEDATASETVAR: hEffectiveStateDensity [1]
ACTION: RENAMEDATASETZONE: Gold_region_1/state_0
ACTION: RENAMEDATASETVAR: hEffectiveStateDensity [1]
ACTION: RENAMEDATASETZONE: GaAsSb_mid_window/state_0
ACTION: RENAMEDATASETVAR: hEffectiveStateDensity [1]
ACTION: RENAMEDATASETZONE: GaAsSb_region5/state_0
ACTION: RENAMEDATASETVAR: hEffectiveStateDensity [1]
ACTION: RENAMEDATASETZONE: GaSb_region9/state_0
ACTION: RENAMEDATASETVAR: hEffectiveStateDensity [1]
ACTION: RENAMEDATASETZONE: GaSb_region10/state_0
ACTION: RENAMEDATASETVAR: hEffectiveStateDensity [1]
ACTION: RENAMEDATASETZONE: GaAsSb_region6/state_0
ACTION: RENAMEDATASETVAR: hEffectiveStateDensity [1]
ACTION: RENAMEDATASETZONE: GaAsSb_region7/state_0
ACTION: RENAMEDATASETVAR: hEffectiveStateDensity [1]
ACTION: RENAMEDATASETZONE: GaSb_bot_BSF/state_0
ACTION: RENAMEDATASETVAR: hEffectiveStateDensity [1]
ACTION: RENAMEDATASETZONE: GaAsSb_mid_BSF/state_0
ACTION: RENAMEDATASETVAR: hEffectiveStateDensity [1]
ACTION: RENAMEDATASETZONE: MgF_region_1/state_0
ACTION: RENAMEDATASETVAR: hEffectiveStateDensity [1]
ACTION: RENAMEDATASETZONE: TiOx_region_1/state_0
ACTION: RENAMEDATASETVAR: hEffectiveStateDensity [1]
ACTION: RENAMEDATASETZONE: Goldregion_gold/state_0
ACTION: RENAMEDATASETVAR: EffectiveIntrinsicDensity [cm^-3]
ACTION: RENAMEDATASETZONE: GaSb_region8/state_0
ACTION: RENAMEDATASETVAR: EffectiveIntrinsicDensity [cm^-3]
ACTION: RENAMEDATASETZONE: GaSb_bot_window/state_0
ACTION: RENAMEDATASETVAR: EffectiveIntrinsicDensity [cm^-3]
ACTION: RENAMEDATASETZONE: GaAsSb_mid_window/state_0
ACTION: RENAMEDATASETVAR: EffectiveIntrinsicDensity [cm^-3]
ACTION: RENAMEDATASETZONE: GaAsSb_region5/state_0
ACTION: RENAMEDATASETVAR: EffectiveIntrinsicDensity [cm^-3]
ACTION: RENAMEDATASETZONE: GaSb_region9/state_0
ACTION: RENAMEDATASETVAR: EffectiveIntrinsicDensity [cm^-3]
ACTION: RENAMEDATASETZONE: GaSb_region10/state_0
ACTION: RENAMEDATASETVAR: EffectiveIntrinsicDensity [cm^-3]
ACTION: RENAMEDATASETZONE: GaAsSb_region6/state_0
ACTION: RENAMEDATASETVAR: EffectiveIntrinsicDensity [cm^-3]
ACTION: RENAMEDATASETZONE: GaAsSb_region7/state_0
ACTION: RENAMEDATASETVAR: EffectiveIntrinsicDensity [cm^-3]
ACTION: RENAMEDATASETZONE: GaSb_bot_BSF/state_0
ACTION: RENAMEDATASETVAR: EffectiveIntrinsicDensity [cm^-3]
ACTION: RENAMEDATASETZONE: GaAsSb_mid_BSF/state_0
ACTION: RENAMEDATASETVAR: IntrinsicDensity [cm^-3]
ACTION: RENAMEDATASETZONE: GaSb_region8/state_0
ACTION: RENAMEDATASETVAR: IntrinsicDensity [cm^-3]
ACTION: RENAMEDATASETZONE: GaSb_bot_window/state_0
ACTION: RENAMEDATASETVAR: IntrinsicDensity [cm^-3]
ACTION: RENAMEDATASETZONE: GaAsSb_mid_window/state_0
ACTION: RENAMEDATASETVAR: IntrinsicDensity [cm^-3]
ACTION: RENAMEDATASETZONE: GaAsSb_region5/state_0
ACTION: RENAMEDATASETVAR: IntrinsicDensity [cm^-3]
ACTION: RENAMEDATASETZONE: GaSb_region9/state_0
ACTION: RENAMEDATASETVAR: IntrinsicDensity [cm^-3]
ACTION: RENAMEDATASETZONE: GaSb_region10/state_0
ACTION: RENAMEDATASETVAR: IntrinsicDensity [cm^-3]
ACTION: RENAMEDATASETZONE: GaAsSb_region6/state_0
ACTION: RENAMEDATASETVAR: IntrinsicDensity [cm^-3]
ACTION: RENAMEDATASETZONE: GaAsSb_region7/state_0
ACTION: RENAMEDATASETVAR: IntrinsicDensity [cm^-3]
ACTION: RENAMEDATASETZONE: GaSb_bot_BSF/state_0
ACTION: RENAMEDATASETVAR: IntrinsicDensity [cm^-3]
ACTION: RENAMEDATASETZONE: GaAsSb_mid_BSF/state_0
ACTION: RENAMEDATASETVAR: SpaceCharge [cm^-3]
ACTION: RENAMEDATASETZONE: GaSb_region8/state_0
ACTION: RENAMEDATASETVAR: SpaceCharge [cm^-3]
ACTION: RENAMEDATASETZONE: GaSb_bot_window/state_0
ACTION: RENAMEDATASETVAR: SpaceCharge [cm^-3]
ACTION: RENAMEDATASETZONE: GaAsSb_mid_window/state_0
ACTION: RENAMEDATASETVAR: SpaceCharge [cm^-3]
ACTION: RENAMEDATASETZONE: GaAsSb_region5/state_0
ACTION: RENAMEDATASETVAR: SpaceCharge [cm^-3]
ACTION: RENAMEDATASETZONE: GaSb_region9/state_0
ACTION: RENAMEDATASETVAR: SpaceCharge [cm^-3]
ACTION: RENAMEDATASETZONE: GaSb_region10/state_0
ACTION: RENAMEDATASETVAR: SpaceCharge [cm^-3]
ACTION: RENAMEDATASETZONE: GaAsSb_region6/state_0
ACTION: RENAMEDATASETVAR: SpaceCharge [cm^-3]
ACTION: RENAMEDATASETZONE: GaAsSb_region7/state_0
ACTION: RENAMEDATASETVAR: SpaceCharge [cm^-3]
ACTION: RENAMEDATASETZONE: GaSb_bot_BSF/state_0
ACTION: RENAMEDATASETVAR: SpaceCharge [cm^-3]
ACTION: RENAMEDATASETZONE: GaAsSb_mid_BSF/state_0
ACTION: RENAMEDATASETVAR: eQuasiFermiPotential [V]
ACTION: RENAMEDATASETZONE: GaSb_region8/state_0
ACTION: RENAMEDATASETVAR: eQuasiFermiPotential [V]
ACTION: RENAMEDATASETZONE: GaSb_bot_window/state_0
ACTION: RENAMEDATASETVAR: eQuasiFermiPotential [V]
ACTION: RENAMEDATASETZONE: Gold_region_1/state_0
ACTION: RENAMEDATASETVAR: eQuasiFermiPotential [V]
ACTION: RENAMEDATASETZONE: GaAsSb_mid_window/state_0
ACTION: RENAMEDATASETVAR: eQuasiFermiPotential [V]
ACTION: RENAMEDATASETZONE: GaAsSb_region5/state_0
ACTION: RENAMEDATASETVAR: eQuasiFermiPotential [V]
ACTION: RENAMEDATASETZONE: GaSb_region9/state_0
ACTION: RENAMEDATASETVAR: eQuasiFermiPotential [V]
ACTION: RENAMEDATASETZONE: GaSb_region10/state_0
ACTION: RENAMEDATASETVAR: eQuasiFermiPotential [V]
ACTION: RENAMEDATASETZONE: GaAsSb_region6/state_0
ACTION: RENAMEDATASETVAR: eQuasiFermiPotential [V]
ACTION: RENAMEDATASETZONE: GaAsSb_region7/state_0
ACTION: RENAMEDATASETVAR: eQuasiFermiPotential [V]
ACTION: RENAMEDATASETZONE: GaSb_bot_BSF/state_0
ACTION: RENAMEDATASETVAR: eQuasiFermiPotential [V]
ACTION: RENAMEDATASETZONE: GaAsSb_mid_BSF/state_0
ACTION: RENAMEDATASETVAR: eQuasiFermiPotential [V]
ACTION: RENAMEDATASETZONE: MgF_region_1/state_0
ACTION: RENAMEDATASETVAR: eQuasiFermiPotential [V]
ACTION: RENAMEDATASETZONE: TiOx_region_1/state_0
ACTION: RENAMEDATASETVAR: eQuasiFermiPotential [V]
ACTION: RENAMEDATASETZONE: Goldregion_gold/state_0
ACTION: RENAMEDATASETVAR: hQuasiFermiPotential [V]
ACTION: RENAMEDATASETZONE: GaSb_region8/state_0
ACTION: RENAMEDATASETVAR: hQuasiFermiPotential [V]
ACTION: RENAMEDATASETZONE: GaSb_bot_window/state_0
ACTION: RENAMEDATASETVAR: hQuasiFermiPotential [V]
ACTION: RENAMEDATASETZONE: Gold_region_1/state_0
ACTION: RENAMEDATASETVAR: hQuasiFermiPotential [V]
ACTION: RENAMEDATASETZONE: GaAsSb_mid_window/state_0
ACTION: RENAMEDATASETVAR: hQuasiFermiPotential [V]
ACTION: RENAMEDATASETZONE: GaAsSb_region5/state_0
ACTION: RENAMEDATASETVAR: hQuasiFermiPotential [V]
ACTION: RENAMEDATASETZONE: GaSb_region9/state_0
ACTION: RENAMEDATASETVAR: hQuasiFermiPotential [V]
ACTION: RENAMEDATASETZONE: GaSb_region10/state_0
ACTION: RENAMEDATASETVAR: hQuasiFermiPotential [V]
ACTION: RENAMEDATASETZONE: GaAsSb_region6/state_0
ACTION: RENAMEDATASETVAR: hQuasiFermiPotential [V]
ACTION: RENAMEDATASETZONE: GaAsSb_region7/state_0
ACTION: RENAMEDATASETVAR: hQuasiFermiPotential [V]
ACTION: RENAMEDATASETZONE: GaSb_bot_BSF/state_0
ACTION: RENAMEDATASETVAR: hQuasiFermiPotential [V]
ACTION: RENAMEDATASETZONE: GaAsSb_mid_BSF/state_0
ACTION: RENAMEDATASETVAR: hQuasiFermiPotential [V]
ACTION: RENAMEDATASETZONE: MgF_region_1/state_0
ACTION: RENAMEDATASETVAR: hQuasiFermiPotential [V]
ACTION: RENAMEDATASETZONE: TiOx_region_1/state_0
ACTION: RENAMEDATASETVAR: hQuasiFermiPotential [V]
ACTION: RENAMEDATASETZONE: Goldregion_gold/state_0
ACTION: RENAMEDATASETVAR: BandGap [eV]
ACTION: RENAMEDATASETZONE: GaSb_region8/state_0
ACTION: RENAMEDATASETVAR: BandGap [eV]
ACTION: RENAMEDATASETZONE: GaSb_bot_window/state_0
ACTION: RENAMEDATASETVAR: BandGap [eV]
ACTION: RENAMEDATASETZONE: GaAsSb_mid_window/state_0
ACTION: RENAMEDATASETVAR: BandGap [eV]
ACTION: RENAMEDATASETZONE: GaAsSb_region5/state_0
ACTION: RENAMEDATASETVAR: BandGap [eV]
ACTION: RENAMEDATASETZONE: GaSb_region9/state_0
ACTION: RENAMEDATASETVAR: BandGap [eV]
ACTION: RENAMEDATASETZONE: GaSb_region10/state_0
ACTION: RENAMEDATASETVAR: BandGap [eV]
ACTION: RENAMEDATASETZONE: GaAsSb_region6/state_0
ACTION: RENAMEDATASETVAR: BandGap [eV]
ACTION: RENAMEDATASETZONE: GaAsSb_region7/state_0
ACTION: RENAMEDATASETVAR: BandGap [eV]
ACTION: RENAMEDATASETZONE: GaSb_bot_BSF/state_0
ACTION: RENAMEDATASETVAR: BandGap [eV]
ACTION: RENAMEDATASETZONE: GaAsSb_mid_BSF/state_0
ACTION: RENAMEDATASETVAR: BandGap [eV]
ACTION: RENAMEDATASETZONE: MgF_region_1/state_0
ACTION: RENAMEDATASETVAR: BandGap [eV]
ACTION: RENAMEDATASETZONE: TiOx_region_1/state_0
ACTION: RENAMEDATASETVAR: ConductionBandEnergy [eV]
ACTION: RENAMEDATASETZONE: GaSb_region8/state_0
ACTION: RENAMEDATASETVAR: ConductionBandEnergy [eV]
ACTION: RENAMEDATASETZONE: GaSb_bot_window/state_0
ACTION: RENAMEDATASETVAR: ConductionBandEnergy [eV]
ACTION: RENAMEDATASETZONE: GaAsSb_mid_window/state_0
ACTION: RENAMEDATASETVAR: ConductionBandEnergy [eV]
ACTION: RENAMEDATASETZONE: GaAsSb_region5/state_0
ACTION: RENAMEDATASETVAR: ConductionBandEnergy [eV]
ACTION: RENAMEDATASETZONE: GaSb_region9/state_0
ACTION: RENAMEDATASETVAR: ConductionBandEnergy [eV]
ACTION: RENAMEDATASETZONE: GaSb_region10/state_0
ACTION: RENAMEDATASETVAR: ConductionBandEnergy [eV]
ACTION: RENAMEDATASETZONE: GaAsSb_region6/state_0
ACTION: RENAMEDATASETVAR: ConductionBandEnergy [eV]
ACTION: RENAMEDATASETZONE: GaAsSb_region7/state_0
ACTION: RENAMEDATASETVAR: ConductionBandEnergy [eV]
ACTION: RENAMEDATASETZONE: GaSb_bot_BSF/state_0
ACTION: RENAMEDATASETVAR: ConductionBandEnergy [eV]
ACTION: RENAMEDATASETZONE: GaAsSb_mid_BSF/state_0
ACTION: RENAMEDATASETVAR: ConductionBandEnergy [eV]
ACTION: RENAMEDATASETZONE: MgF_region_1/state_0
ACTION: RENAMEDATASETVAR: ConductionBandEnergy [eV]
ACTION: RENAMEDATASETZONE: TiOx_region_1/state_0
ACTION: RENAMEDATASETVAR: ValenceBandEnergy [eV]
ACTION: RENAMEDATASETZONE: GaSb_region8/state_0
ACTION: RENAMEDATASETVAR: ValenceBandEnergy [eV]
ACTION: RENAMEDATASETZONE: GaSb_bot_window/state_0
ACTION: RENAMEDATASETVAR: ValenceBandEnergy [eV]
ACTION: RENAMEDATASETZONE: GaAsSb_mid_window/state_0
ACTION: RENAMEDATASETVAR: ValenceBandEnergy [eV]
ACTION: RENAMEDATASETZONE: GaAsSb_region5/state_0
ACTION: RENAMEDATASETVAR: ValenceBandEnergy [eV]
ACTION: RENAMEDATASETZONE: GaSb_region9/state_0
ACTION: RENAMEDATASETVAR: ValenceBandEnergy [eV]
ACTION: RENAMEDATASETZONE: GaSb_region10/state_0
ACTION: RENAMEDATASETVAR: ValenceBandEnergy [eV]
ACTION: RENAMEDATASETZONE: GaAsSb_region6/state_0
ACTION: RENAMEDATASETVAR: ValenceBandEnergy [eV]
ACTION: RENAMEDATASETZONE: GaAsSb_region7/state_0
ACTION: RENAMEDATASETVAR: ValenceBandEnergy [eV]
ACTION: RENAMEDATASETZONE: GaSb_bot_BSF/state_0
ACTION: RENAMEDATASETVAR: ValenceBandEnergy [eV]
ACTION: RENAMEDATASETZONE: GaAsSb_mid_BSF/state_0
ACTION: RENAMEDATASETVAR: ValenceBandEnergy [eV]
ACTION: RENAMEDATASETZONE: MgF_region_1/state_0
ACTION: RENAMEDATASETVAR: ValenceBandEnergy [eV]
ACTION: RENAMEDATASETZONE: TiOx_region_1/state_0
ACTION: RENAMEDATASETVAR: ElectronAffinity [eV]
ACTION: RENAMEDATASETZONE: GaSb_region8/state_0
ACTION: RENAMEDATASETVAR: ElectronAffinity [eV]
ACTION: RENAMEDATASETZONE: GaSb_bot_window/state_0
ACTION: RENAMEDATASETVAR: ElectronAffinity [eV]
ACTION: RENAMEDATASETZONE: Gold_region_1/state_0
ACTION: RENAMEDATASETVAR: ElectronAffinity [eV]
ACTION: RENAMEDATASETZONE: GaAsSb_mid_window/state_0
ACTION: RENAMEDATASETVAR: ElectronAffinity [eV]
ACTION: RENAMEDATASETZONE: GaAsSb_region5/state_0
ACTION: RENAMEDATASETVAR: ElectronAffinity [eV]
ACTION: RENAMEDATASETZONE: GaSb_region9/state_0
ACTION: RENAMEDATASETVAR: ElectronAffinity [eV]
ACTION: RENAMEDATASETZONE: GaSb_region10/state_0
ACTION: RENAMEDATASETVAR: ElectronAffinity [eV]
ACTION: RENAMEDATASETZONE: GaAsSb_region6/state_0
ACTION: RENAMEDATASETVAR: ElectronAffinity [eV]
ACTION: RENAMEDATASETZONE: GaAsSb_region7/state_0
ACTION: RENAMEDATASETVAR: ElectronAffinity [eV]
ACTION: RENAMEDATASETZONE: GaSb_bot_BSF/state_0
ACTION: RENAMEDATASETVAR: ElectronAffinity [eV]
ACTION: RENAMEDATASETZONE: GaAsSb_mid_BSF/state_0
ACTION: RENAMEDATASETVAR: ElectronAffinity [eV]
ACTION: RENAMEDATASETZONE: MgF_region_1/state_0
ACTION: RENAMEDATASETVAR: ElectronAffinity [eV]
ACTION: RENAMEDATASETZONE: TiOx_region_1/state_0
ACTION: RENAMEDATASETVAR: ElectronAffinity [eV]
ACTION: RENAMEDATASETZONE: Goldregion_gold/state_0
ACTION: RENAMEDATASETVAR: ElectricField-X [V*cm^-1]
ACTION: RENAMEDATASETVAR: ElectricField-Y [V*cm^-1]
ACTION: RENAMEDATASETVAR: Abs(ElectricField) [V*cm^-1]
ACTION: RENAMEDATASETZONE: GaSb_region8/state_0
ACTION: RENAMEDATASETVAR: ElectricField-X [V*cm^-1]
ACTION: RENAMEDATASETVAR: ElectricField-Y [V*cm^-1]
ACTION: RENAMEDATASETVAR: Abs(ElectricField) [V*cm^-1]
ACTION: RENAMEDATASETZONE: GaSb_bot_window/state_0
ACTION: RENAMEDATASETVAR: ElectricField-X [V*cm^-1]
ACTION: RENAMEDATASETVAR: ElectricField-Y [V*cm^-1]
ACTION: RENAMEDATASETVAR: Abs(ElectricField) [V*cm^-1]
ACTION: RENAMEDATASETZONE: Gold_region_1/state_0
ACTION: RENAMEDATASETVAR: ElectricField-X [V*cm^-1]
ACTION: RENAMEDATASETVAR: ElectricField-Y [V*cm^-1]
ACTION: RENAMEDATASETVAR: Abs(ElectricField) [V*cm^-1]
ACTION: RENAMEDATASETZONE: GaAsSb_mid_window/state_0
ACTION: RENAMEDATASETVAR: ElectricField-X [V*cm^-1]
ACTION: RENAMEDATASETVAR: ElectricField-Y [V*cm^-1]
ACTION: RENAMEDATASETVAR: Abs(ElectricField) [V*cm^-1]
ACTION: RENAMEDATASETZONE: GaAsSb_region5/state_0
ACTION: RENAMEDATASETVAR: ElectricField-X [V*cm^-1]
ACTION: RENAMEDATASETVAR: ElectricField-Y [V*cm^-1]
ACTION: RENAMEDATASETVAR: Abs(ElectricField) [V*cm^-1]
ACTION: RENAMEDATASETZONE: GaSb_region9/state_0
ACTION: RENAMEDATASETVAR: ElectricField-X [V*cm^-1]
ACTION: RENAMEDATASETVAR: ElectricField-Y [V*cm^-1]
ACTION: RENAMEDATASETVAR: Abs(ElectricField) [V*cm^-1]
ACTION: RENAMEDATASETZONE: GaSb_region10/state_0
ACTION: RENAMEDATASETVAR: ElectricField-X [V*cm^-1]
ACTION: RENAMEDATASETVAR: ElectricField-Y [V*cm^-1]
ACTION: RENAMEDATASETVAR: Abs(ElectricField) [V*cm^-1]
ACTION: RENAMEDATASETZONE: GaAsSb_region6/state_0
ACTION: RENAMEDATASETVAR: ElectricField-X [V*cm^-1]
ACTION: RENAMEDATASETVAR: ElectricField-Y [V*cm^-1]
ACTION: RENAMEDATASETVAR: Abs(ElectricField) [V*cm^-1]
ACTION: RENAMEDATASETZONE: GaAsSb_region7/state_0
ACTION: RENAMEDATASETVAR: ElectricField-X [V*cm^-1]
ACTION: RENAMEDATASETVAR: ElectricField-Y [V*cm^-1]
ACTION: RENAMEDATASETVAR: Abs(ElectricField) [V*cm^-1]
ACTION: RENAMEDATASETZONE: GaSb_bot_BSF/state_0
ACTION: RENAMEDATASETVAR: ElectricField-X [V*cm^-1]
ACTION: RENAMEDATASETVAR: ElectricField-Y [V*cm^-1]
ACTION: RENAMEDATASETVAR: Abs(ElectricField) [V*cm^-1]
ACTION: RENAMEDATASETZONE: GaAsSb_mid_BSF/state_0
ACTION: RENAMEDATASETVAR: ElectricField-X [V*cm^-1]
ACTION: RENAMEDATASETVAR: ElectricField-Y [V*cm^-1]
ACTION: RENAMEDATASETVAR: Abs(ElectricField) [V*cm^-1]
ACTION: RENAMEDATASETZONE: MgF_region_1/state_0
ACTION: RENAMEDATASETVAR: ElectricField-X [V*cm^-1]
ACTION: RENAMEDATASETVAR: ElectricField-Y [V*cm^-1]
ACTION: RENAMEDATASETVAR: Abs(ElectricField) [V*cm^-1]
ACTION: RENAMEDATASETZONE: TiOx_region_1/state_0
ACTION: RENAMEDATASETVAR: ElectricField-X [V*cm^-1]
ACTION: RENAMEDATASETVAR: ElectricField-Y [V*cm^-1]
ACTION: RENAMEDATASETVAR: Abs(ElectricField) [V*cm^-1]
ACTION: RENAMEDATASETZONE: Goldregion_gold/state_0
ACTION: RENAMEDATASETVAR: eLifetime [s]
ACTION: RENAMEDATASETZONE: GaSb_region8/state_0
ACTION: RENAMEDATASETVAR: eLifetime [s]
ACTION: RENAMEDATASETZONE: GaSb_bot_window/state_0
ACTION: RENAMEDATASETVAR: eLifetime [s]
ACTION: RENAMEDATASETZONE: GaAsSb_mid_window/state_0
ACTION: RENAMEDATASETVAR: eLifetime [s]
ACTION: RENAMEDATASETZONE: GaAsSb_region5/state_0
ACTION: RENAMEDATASETVAR: eLifetime [s]
ACTION: RENAMEDATASETZONE: GaSb_region9/state_0
ACTION: RENAMEDATASETVAR: eLifetime [s]
ACTION: RENAMEDATASETZONE: GaSb_region10/state_0
ACTION: RENAMEDATASETVAR: eLifetime [s]
ACTION: RENAMEDATASETZONE: GaAsSb_region6/state_0
ACTION: RENAMEDATASETVAR: eLifetime [s]
ACTION: RENAMEDATASETZONE: GaAsSb_region7/state_0
ACTION: RENAMEDATASETVAR: eLifetime [s]
ACTION: RENAMEDATASETZONE: GaSb_bot_BSF/state_0
ACTION: RENAMEDATASETVAR: eLifetime [s]
ACTION: RENAMEDATASETZONE: GaAsSb_mid_BSF/state_0
ACTION: RENAMEDATASETVAR: hLifetime [s]
ACTION: RENAMEDATASETZONE: GaSb_region8/state_0
ACTION: RENAMEDATASETVAR: hLifetime [s]
ACTION: RENAMEDATASETZONE: GaSb_bot_window/state_0
ACTION: RENAMEDATASETVAR: hLifetime [s]
ACTION: RENAMEDATASETZONE: GaAsSb_mid_window/state_0
ACTION: RENAMEDATASETVAR: hLifetime [s]
ACTION: RENAMEDATASETZONE: GaAsSb_region5/state_0
ACTION: RENAMEDATASETVAR: hLifetime [s]
ACTION: RENAMEDATASETZONE: GaSb_region9/state_0
ACTION: RENAMEDATASETVAR: hLifetime [s]
ACTION: RENAMEDATASETZONE: GaSb_region10/state_0
ACTION: RENAMEDATASETVAR: hLifetime [s]
ACTION: RENAMEDATASETZONE: GaAsSb_region6/state_0
ACTION: RENAMEDATASETVAR: hLifetime [s]
ACTION: RENAMEDATASETZONE: GaAsSb_region7/state_0
ACTION: RENAMEDATASETVAR: hLifetime [s]
ACTION: RENAMEDATASETZONE: GaSb_bot_BSF/state_0
ACTION: RENAMEDATASETVAR: hLifetime [s]
ACTION: RENAMEDATASETZONE: GaAsSb_mid_BSF/state_0
ACTION: RENAMEDATASETVAR: srhRecombination [cm^-3*s^-1]
ACTION: RENAMEDATASETZONE: GaSb_region8/state_0
ACTION: RENAMEDATASETVAR: srhRecombination [cm^-3*s^-1]
ACTION: RENAMEDATASETZONE: GaSb_bot_window/state_0
ACTION: RENAMEDATASETVAR: srhRecombination [cm^-3*s^-1]
ACTION: RENAMEDATASETZONE: GaAsSb_mid_window/state_0
ACTION: RENAMEDATASETVAR: srhRecombination [cm^-3*s^-1]
ACTION: RENAMEDATASETZONE: GaAsSb_region5/state_0
ACTION: RENAMEDATASETVAR: srhRecombination [cm^-3*s^-1]
ACTION: RENAMEDATASETZONE: GaSb_region9/state_0
ACTION: RENAMEDATASETVAR: srhRecombination [cm^-3*s^-1]
ACTION: RENAMEDATASETZONE: GaSb_region10/state_0
ACTION: RENAMEDATASETVAR: srhRecombination [cm^-3*s^-1]
ACTION: RENAMEDATASETZONE: GaAsSb_region6/state_0
ACTION: RENAMEDATASETVAR: srhRecombination [cm^-3*s^-1]
ACTION: RENAMEDATASETZONE: GaAsSb_region7/state_0
ACTION: RENAMEDATASETVAR: srhRecombination [cm^-3*s^-1]
ACTION: RENAMEDATASETZONE: GaSb_bot_BSF/state_0
ACTION: RENAMEDATASETVAR: srhRecombination [cm^-3*s^-1]
ACTION: RENAMEDATASETZONE: GaAsSb_mid_BSF/state_0
ACTION: RENAMEDATASETVAR: AugerRecombination [cm^-3*s^-1]
ACTION: RENAMEDATASETZONE: GaSb_region8/state_0
ACTION: RENAMEDATASETVAR: AugerRecombination [cm^-3*s^-1]
ACTION: RENAMEDATASETZONE: GaSb_bot_window/state_0
ACTION: RENAMEDATASETVAR: AugerRecombination [cm^-3*s^-1]
ACTION: RENAMEDATASETZONE: GaAsSb_mid_window/state_0
ACTION: RENAMEDATASETVAR: AugerRecombination [cm^-3*s^-1]
ACTION: RENAMEDATASETZONE: GaAsSb_region5/state_0
ACTION: RENAMEDATASETVAR: AugerRecombination [cm^-3*s^-1]
ACTION: RENAMEDATASETZONE: GaSb_region9/state_0
ACTION: RENAMEDATASETVAR: AugerRecombination [cm^-3*s^-1]
ACTION: RENAMEDATASETZONE: GaSb_region10/state_0
ACTION: RENAMEDATASETVAR: AugerRecombination [cm^-3*s^-1]
ACTION: RENAMEDATASETZONE: GaAsSb_region6/state_0
ACTION: RENAMEDATASETVAR: AugerRecombination [cm^-3*s^-1]
ACTION: RENAMEDATASETZONE: GaAsSb_region7/state_0
ACTION: RENAMEDATASETVAR: AugerRecombination [cm^-3*s^-1]
ACTION: RENAMEDATASETZONE: GaSb_bot_BSF/state_0
ACTION: RENAMEDATASETVAR: AugerRecombination [cm^-3*s^-1]
ACTION: RENAMEDATASETZONE: GaAsSb_mid_BSF/state_0
ACTION: RENAMEDATASETVAR: TotalRecombination [cm^-3*s^-1]
ACTION: RENAMEDATASETZONE: GaSb_region8/state_0
ACTION: RENAMEDATASETVAR: TotalRecombination [cm^-3*s^-1]
ACTION: RENAMEDATASETZONE: GaSb_bot_window/state_0
ACTION: RENAMEDATASETVAR: TotalRecombination [cm^-3*s^-1]
ACTION: RENAMEDATASETZONE: GaAsSb_mid_window/state_0
ACTION: RENAMEDATASETVAR: TotalRecombination [cm^-3*s^-1]
ACTION: RENAMEDATASETZONE: GaAsSb_region5/state_0
ACTION: RENAMEDATASETVAR: TotalRecombination [cm^-3*s^-1]
ACTION: RENAMEDATASETZONE: GaSb_region9/state_0
ACTION: RENAMEDATASETVAR: TotalRecombination [cm^-3*s^-1]
ACTION: RENAMEDATASETZONE: GaSb_region10/state_0
ACTION: RENAMEDATASETVAR: TotalRecombination [cm^-3*s^-1]
ACTION: RENAMEDATASETZONE: GaAsSb_region6/state_0
ACTION: RENAMEDATASETVAR: TotalRecombination [cm^-3*s^-1]
ACTION: RENAMEDATASETZONE: GaAsSb_region7/state_0
ACTION: RENAMEDATASETVAR: TotalRecombination [cm^-3*s^-1]
ACTION: RENAMEDATASETZONE: GaSb_bot_BSF/state_0
ACTION: RENAMEDATASETVAR: TotalRecombination [cm^-3*s^-1]
ACTION: RENAMEDATASETZONE: GaAsSb_mid_BSF/state_0
ACTION: RENAMEDATASETVAR: SurfaceRecombination [cm^-2*s^-1]
ACTION: RENAMEDATASETZONE: GaSb_region8/state_0
ACTION: RENAMEDATASETVAR: SurfaceRecombination [cm^-2*s^-1]
ACTION: RENAMEDATASETZONE: GaSb_bot_window/state_0
ACTION: RENAMEDATASETVAR: SurfaceRecombination [cm^-2*s^-1]
ACTION: RENAMEDATASETZONE: GaAsSb_mid_window/state_0
ACTION: RENAMEDATASETVAR: SurfaceRecombination [cm^-2*s^-1]
ACTION: RENAMEDATASETZONE: GaAsSb_region5/state_0
ACTION: RENAMEDATASETVAR: SurfaceRecombination [cm^-2*s^-1]
ACTION: RENAMEDATASETZONE: GaSb_region9/state_0
ACTION: RENAMEDATASETVAR: SurfaceRecombination [cm^-2*s^-1]
ACTION: RENAMEDATASETZONE: GaSb_region10/state_0
ACTION: RENAMEDATASETVAR: SurfaceRecombination [cm^-2*s^-1]
ACTION: RENAMEDATASETZONE: GaAsSb_region6/state_0
ACTION: RENAMEDATASETVAR: SurfaceRecombination [cm^-2*s^-1]
ACTION: RENAMEDATASETZONE: GaAsSb_region7/state_0
ACTION: RENAMEDATASETVAR: SurfaceRecombination [cm^-2*s^-1]
ACTION: RENAMEDATASETZONE: GaSb_bot_BSF/state_0
ACTION: RENAMEDATASETVAR: SurfaceRecombination [cm^-2*s^-1]
ACTION: RENAMEDATASETZONE: GaAsSb_mid_BSF/state_0
ACTION: RENAMEDATASETVAR: RadiativeRecombination [cm^-3*s^-1]
ACTION: RENAMEDATASETZONE: GaSb_region8/state_0
ACTION: RENAMEDATASETVAR: RadiativeRecombination [cm^-3*s^-1]
ACTION: RENAMEDATASETZONE: GaSb_bot_window/state_0
ACTION: RENAMEDATASETVAR: RadiativeRecombination [cm^-3*s^-1]
ACTION: RENAMEDATASETZONE: GaAsSb_mid_window/state_0
ACTION: RENAMEDATASETVAR: RadiativeRecombination [cm^-3*s^-1]
ACTION: RENAMEDATASETZONE: GaAsSb_region5/state_0
ACTION: RENAMEDATASETVAR: RadiativeRecombination [cm^-3*s^-1]
ACTION: RENAMEDATASETZONE: GaSb_region9/state_0
ACTION: RENAMEDATASETVAR: RadiativeRecombination [cm^-3*s^-1]
ACTION: RENAMEDATASETZONE: GaSb_region10/state_0
ACTION: RENAMEDATASETVAR: RadiativeRecombination [cm^-3*s^-1]
ACTION: RENAMEDATASETZONE: GaAsSb_region6/state_0
ACTION: RENAMEDATASETVAR: RadiativeRecombination [cm^-3*s^-1]
ACTION: RENAMEDATASETZONE: GaAsSb_region7/state_0
ACTION: RENAMEDATASETVAR: RadiativeRecombination [cm^-3*s^-1]
ACTION: RENAMEDATASETZONE: GaSb_bot_BSF/state_0
ACTION: RENAMEDATASETVAR: RadiativeRecombination [cm^-3*s^-1]
ACTION: RENAMEDATASETZONE: GaAsSb_mid_BSF/state_0
ACTION: RENAMEDATASETVAR: eCurrentDensity-X [A*cm^-2]
ACTION: RENAMEDATASETVAR: eCurrentDensity-Y [A*cm^-2]
ACTION: RENAMEDATASETVAR: Abs(eCurrentDensity) [A*cm^-2]
ACTION: RENAMEDATASETZONE: GaSb_region8/state_0
ACTION: RENAMEDATASETVAR: eCurrentDensity-X [A*cm^-2]
ACTION: RENAMEDATASETVAR: eCurrentDensity-Y [A*cm^-2]
ACTION: RENAMEDATASETVAR: Abs(eCurrentDensity) [A*cm^-2]
ACTION: RENAMEDATASETZONE: GaSb_bot_window/state_0
ACTION: RENAMEDATASETVAR: eCurrentDensity-X [A*cm^-2]
ACTION: RENAMEDATASETVAR: eCurrentDensity-Y [A*cm^-2]
ACTION: RENAMEDATASETVAR: Abs(eCurrentDensity) [A*cm^-2]
ACTION: RENAMEDATASETZONE: GaAsSb_mid_window/state_0
ACTION: RENAMEDATASETVAR: eCurrentDensity-X [A*cm^-2]
ACTION: RENAMEDATASETVAR: eCurrentDensity-Y [A*cm^-2]
ACTION: RENAMEDATASETVAR: Abs(eCurrentDensity) [A*cm^-2]
ACTION: RENAMEDATASETZONE: GaAsSb_region5/state_0
ACTION: RENAMEDATASETVAR: eCurrentDensity-X [A*cm^-2]
ACTION: RENAMEDATASETVAR: eCurrentDensity-Y [A*cm^-2]
ACTION: RENAMEDATASETVAR: Abs(eCurrentDensity) [A*cm^-2]
ACTION: RENAMEDATASETZONE: GaSb_region9/state_0
ACTION: RENAMEDATASETVAR: eCurrentDensity-X [A*cm^-2]
ACTION: RENAMEDATASETVAR: eCurrentDensity-Y [A*cm^-2]
ACTION: RENAMEDATASETVAR: Abs(eCurrentDensity) [A*cm^-2]
ACTION: RENAMEDATASETZONE: GaSb_region10/state_0
ACTION: RENAMEDATASETVAR: eCurrentDensity-X [A*cm^-2]
ACTION: RENAMEDATASETVAR: eCurrentDensity-Y [A*cm^-2]
ACTION: RENAMEDATASETVAR: Abs(eCurrentDensity) [A*cm^-2]
ACTION: RENAMEDATASETZONE: GaAsSb_region6/state_0
ACTION: RENAMEDATASETVAR: eCurrentDensity-X [A*cm^-2]
ACTION: RENAMEDATASETVAR: eCurrentDensity-Y [A*cm^-2]
ACTION: RENAMEDATASETVAR: Abs(eCurrentDensity) [A*cm^-2]
ACTION: RENAMEDATASETZONE: GaAsSb_region7/state_0
ACTION: RENAMEDATASETVAR: eCurrentDensity-X [A*cm^-2]
ACTION: RENAMEDATASETVAR: eCurrentDensity-Y [A*cm^-2]
ACTION: RENAMEDATASETVAR: Abs(eCurrentDensity) [A*cm^-2]
ACTION: RENAMEDATASETZONE: GaSb_bot_BSF/state_0
ACTION: RENAMEDATASETVAR: eCurrentDensity-X [A*cm^-2]
ACTION: RENAMEDATASETVAR: eCurrentDensity-Y [A*cm^-2]
ACTION: RENAMEDATASETVAR: Abs(eCurrentDensity) [A*cm^-2]
ACTION: RENAMEDATASETZONE: GaAsSb_mid_BSF/state_0
ACTION: RENAMEDATASETVAR: hCurrentDensity-X [A*cm^-2]
ACTION: RENAMEDATASETVAR: hCurrentDensity-Y [A*cm^-2]
ACTION: RENAMEDATASETVAR: Abs(hCurrentDensity) [A*cm^-2]
ACTION: RENAMEDATASETZONE: GaSb_region8/state_0
ACTION: RENAMEDATASETVAR: hCurrentDensity-X [A*cm^-2]
ACTION: RENAMEDATASETVAR: hCurrentDensity-Y [A*cm^-2]
ACTION: RENAMEDATASETVAR: Abs(hCurrentDensity) [A*cm^-2]
ACTION: RENAMEDATASETZONE: GaSb_bot_window/state_0
ACTION: RENAMEDATASETVAR: hCurrentDensity-X [A*cm^-2]
ACTION: RENAMEDATASETVAR: hCurrentDensity-Y [A*cm^-2]
ACTION: RENAMEDATASETVAR: Abs(hCurrentDensity) [A*cm^-2]
ACTION: RENAMEDATASETZONE: GaAsSb_mid_window/state_0
ACTION: RENAMEDATASETVAR: hCurrentDensity-X [A*cm^-2]
ACTION: RENAMEDATASETVAR: hCurrentDensity-Y [A*cm^-2]
ACTION: RENAMEDATASETVAR: Abs(hCurrentDensity) [A*cm^-2]
ACTION: RENAMEDATASETZONE: GaAsSb_region5/state_0
ACTION: RENAMEDATASETVAR: hCurrentDensity-X [A*cm^-2]
ACTION: RENAMEDATASETVAR: hCurrentDensity-Y [A*cm^-2]
ACTION: RENAMEDATASETVAR: Abs(hCurrentDensity) [A*cm^-2]
ACTION: RENAMEDATASETZONE: GaSb_region9/state_0
ACTION: RENAMEDATASETVAR: hCurrentDensity-X [A*cm^-2]
ACTION: RENAMEDATASETVAR: hCurrentDensity-Y [A*cm^-2]
ACTION: RENAMEDATASETVAR: Abs(hCurrentDensity) [A*cm^-2]
ACTION: RENAMEDATASETZONE: GaSb_region10/state_0
ACTION: RENAMEDATASETVAR: hCurrentDensity-X [A*cm^-2]
ACTION: RENAMEDATASETVAR: hCurrentDensity-Y [A*cm^-2]
ACTION: RENAMEDATASETVAR: Abs(hCurrentDensity) [A*cm^-2]
ACTION: RENAMEDATASETZONE: GaAsSb_region6/state_0
ACTION: RENAMEDATASETVAR: hCurrentDensity-X [A*cm^-2]
ACTION: RENAMEDATASETVAR: hCurrentDensity-Y [A*cm^-2]
ACTION: RENAMEDATASETVAR: Abs(hCurrentDensity) [A*cm^-2]
ACTION: RENAMEDATASETZONE: GaAsSb_region7/state_0
ACTION: RENAMEDATASETVAR: hCurrentDensity-X [A*cm^-2]
ACTION: RENAMEDATASETVAR: hCurrentDensity-Y [A*cm^-2]
ACTION: RENAMEDATASETVAR: Abs(hCurrentDensity) [A*cm^-2]
ACTION: RENAMEDATASETZONE: GaSb_bot_BSF/state_0
ACTION: RENAMEDATASETVAR: hCurrentDensity-X [A*cm^-2]
ACTION: RENAMEDATASETVAR: hCurrentDensity-Y [A*cm^-2]
ACTION: RENAMEDATASETVAR: Abs(hCurrentDensity) [A*cm^-2]
ACTION: RENAMEDATASETZONE: GaAsSb_mid_BSF/state_0
ACTION: RENAMEDATASETVAR: TotalCurrentDensity-X [A*cm^-2]
ACTION: RENAMEDATASETVAR: TotalCurrentDensity-Y [A*cm^-2]
ACTION: RENAMEDATASETVAR: Abs(TotalCurrentDensity) [A*cm^-2]
ACTION: RENAMEDATASETZONE: GaSb_region8/state_0
ACTION: RENAMEDATASETVAR: TotalCurrentDensity-X [A*cm^-2]
ACTION: RENAMEDATASETVAR: TotalCurrentDensity-Y [A*cm^-2]
ACTION: RENAMEDATASETVAR: Abs(TotalCurrentDensity) [A*cm^-2]
ACTION: RENAMEDATASETZONE: GaSb_bot_window/state_0
ACTION: RENAMEDATASETVAR: TotalCurrentDensity-X [A*cm^-2]
ACTION: RENAMEDATASETVAR: TotalCurrentDensity-Y [A*cm^-2]
ACTION: RENAMEDATASETVAR: Abs(TotalCurrentDensity) [A*cm^-2]
ACTION: RENAMEDATASETZONE: Gold_region_1/state_0
ACTION: RENAMEDATASETVAR: TotalCurrentDensity-X [A*cm^-2]
ACTION: RENAMEDATASETVAR: TotalCurrentDensity-Y [A*cm^-2]
ACTION: RENAMEDATASETVAR: Abs(TotalCurrentDensity) [A*cm^-2]
ACTION: RENAMEDATASETZONE: GaAsSb_mid_window/state_0
ACTION: RENAMEDATASETVAR: TotalCurrentDensity-X [A*cm^-2]
ACTION: RENAMEDATASETVAR: TotalCurrentDensity-Y [A*cm^-2]
ACTION: RENAMEDATASETVAR: Abs(TotalCurrentDensity) [A*cm^-2]
ACTION: RENAMEDATASETZONE: GaAsSb_region5/state_0
ACTION: RENAMEDATASETVAR: TotalCurrentDensity-X [A*cm^-2]
ACTION: RENAMEDATASETVAR: TotalCurrentDensity-Y [A*cm^-2]
ACTION: RENAMEDATASETVAR: Abs(TotalCurrentDensity) [A*cm^-2]
ACTION: RENAMEDATASETZONE: GaSb_region9/state_0
ACTION: RENAMEDATASETVAR: TotalCurrentDensity-X [A*cm^-2]
ACTION: RENAMEDATASETVAR: TotalCurrentDensity-Y [A*cm^-2]
ACTION: RENAMEDATASETVAR: Abs(TotalCurrentDensity) [A*cm^-2]
ACTION: RENAMEDATASETZONE: GaSb_region10/state_0
ACTION: RENAMEDATASETVAR: TotalCurrentDensity-X [A*cm^-2]
ACTION: RENAMEDATASETVAR: TotalCurrentDensity-Y [A*cm^-2]
ACTION: RENAMEDATASETVAR: Abs(TotalCurrentDensity) [A*cm^-2]
ACTION: RENAMEDATASETZONE: GaAsSb_region6/state_0
ACTION: RENAMEDATASETVAR: TotalCurrentDensity-X [A*cm^-2]
ACTION: RENAMEDATASETVAR: TotalCurrentDensity-Y [A*cm^-2]
ACTION: RENAMEDATASETVAR: Abs(TotalCurrentDensity) [A*cm^-2]
ACTION: RENAMEDATASETZONE: GaAsSb_region7/state_0
ACTION: RENAMEDATASETVAR: TotalCurrentDensity-X [A*cm^-2]
ACTION: RENAMEDATASETVAR: TotalCurrentDensity-Y [A*cm^-2]
ACTION: RENAMEDATASETVAR: Abs(TotalCurrentDensity) [A*cm^-2]
ACTION: RENAMEDATASETZONE: GaSb_bot_BSF/state_0
ACTION: RENAMEDATASETVAR: TotalCurrentDensity-X [A*cm^-2]
ACTION: RENAMEDATASETVAR: TotalCurrentDensity-Y [A*cm^-2]
ACTION: RENAMEDATASETVAR: Abs(TotalCurrentDensity) [A*cm^-2]
ACTION: RENAMEDATASETZONE: GaAsSb_mid_BSF/state_0
ACTION: RENAMEDATASETVAR: TotalCurrentDensity-X [A*cm^-2]
ACTION: RENAMEDATASETVAR: TotalCurrentDensity-Y [A*cm^-2]
ACTION: RENAMEDATASETVAR: Abs(TotalCurrentDensity) [A*cm^-2]
ACTION: RENAMEDATASETZONE: MgF_region_1/state_0
ACTION: RENAMEDATASETVAR: TotalCurrentDensity-X [A*cm^-2]
ACTION: RENAMEDATASETVAR: TotalCurrentDensity-Y [A*cm^-2]
ACTION: RENAMEDATASETVAR: Abs(TotalCurrentDensity) [A*cm^-2]
ACTION: RENAMEDATASETZONE: TiOx_region_1/state_0
ACTION: RENAMEDATASETVAR: TotalCurrentDensity-X [A*cm^-2]
ACTION: RENAMEDATASETVAR: TotalCurrentDensity-Y [A*cm^-2]
ACTION: RENAMEDATASETVAR: Abs(TotalCurrentDensity) [A*cm^-2]
ACTION: RENAMEDATASETZONE: Goldregion_gold/state_0
ACTION: RENAMEDATASETVAR: RefractiveIndex [1]
ACTION: RENAMEDATASETZONE: GaSb_region8/state_0
ACTION: RENAMEDATASETVAR: RefractiveIndex [1]
ACTION: RENAMEDATASETZONE: GaSb_bot_window/state_0
ACTION: RENAMEDATASETVAR: RefractiveIndex [1]
ACTION: RENAMEDATASETZONE: Gold_region_1/state_0
ACTION: RENAMEDATASETVAR: RefractiveIndex [1]
ACTION: RENAMEDATASETZONE: GaAsSb_mid_window/state_0
ACTION: RENAMEDATASETVAR: RefractiveIndex [1]
ACTION: RENAMEDATASETZONE: GaAsSb_region5/state_0
ACTION: RENAMEDATASETVAR: RefractiveIndex [1]
ACTION: RENAMEDATASETZONE: GaSb_region9/state_0
ACTION: RENAMEDATASETVAR: RefractiveIndex [1]
ACTION: RENAMEDATASETZONE: GaSb_region10/state_0
ACTION: RENAMEDATASETVAR: RefractiveIndex [1]
ACTION: RENAMEDATASETZONE: GaAsSb_region6/state_0
ACTION: RENAMEDATASETVAR: RefractiveIndex [1]
ACTION: RENAMEDATASETZONE: GaAsSb_region7/state_0
ACTION: RENAMEDATASETVAR: RefractiveIndex [1]
ACTION: RENAMEDATASETZONE: GaSb_bot_BSF/state_0
ACTION: RENAMEDATASETVAR: RefractiveIndex [1]
ACTION: RENAMEDATASETZONE: GaAsSb_mid_BSF/state_0
ACTION: RENAMEDATASETVAR: RefractiveIndex [1]
ACTION: RENAMEDATASETZONE: MgF_region_1/state_0
ACTION: RENAMEDATASETVAR: RefractiveIndex [1]
ACTION: RENAMEDATASETZONE: TiOx_region_1/state_0
ACTION: RENAMEDATASETVAR: RefractiveIndex [1]
ACTION: RENAMEDATASETZONE: Goldregion_gold/state_0
ACTION: RENAMEDATASETVAR: OpticalAbsorption [m^-1]
ACTION: RENAMEDATASETZONE: GaSb_region8/state_0
ACTION: RENAMEDATASETVAR: OpticalAbsorption [m^-1]
ACTION: RENAMEDATASETZONE: GaSb_bot_window/state_0
ACTION: RENAMEDATASETVAR: OpticalAbsorption [m^-1]
ACTION: RENAMEDATASETZONE: Gold_region_1/state_0
ACTION: RENAMEDATASETVAR: OpticalAbsorption [m^-1]
ACTION: RENAMEDATASETZONE: GaAsSb_mid_window/state_0
ACTION: RENAMEDATASETVAR: OpticalAbsorption [m^-1]
ACTION: RENAMEDATASETZONE: GaAsSb_region5/state_0
ACTION: RENAMEDATASETVAR: OpticalAbsorption [m^-1]
ACTION: RENAMEDATASETZONE: GaSb_region9/state_0
ACTION: RENAMEDATASETVAR: OpticalAbsorption [m^-1]
ACTION: RENAMEDATASETZONE: GaSb_region10/state_0
ACTION: RENAMEDATASETVAR: OpticalAbsorption [m^-1]
ACTION: RENAMEDATASETZONE: GaAsSb_region6/state_0
ACTION: RENAMEDATASETVAR: OpticalAbsorption [m^-1]
ACTION: RENAMEDATASETZONE: GaAsSb_region7/state_0
ACTION: RENAMEDATASETVAR: OpticalAbsorption [m^-1]
ACTION: RENAMEDATASETZONE: GaSb_bot_BSF/state_0
ACTION: RENAMEDATASETVAR: OpticalAbsorption [m^-1]
ACTION: RENAMEDATASETZONE: GaAsSb_mid_BSF/state_0
ACTION: RENAMEDATASETVAR: OpticalAbsorption [m^-1]
ACTION: RENAMEDATASETZONE: MgF_region_1/state_0
ACTION: RENAMEDATASETVAR: OpticalAbsorption [m^-1]
ACTION: RENAMEDATASETZONE: TiOx_region_1/state_0
ACTION: RENAMEDATASETVAR: OpticalAbsorption [m^-1]
ACTION: RENAMEDATASETZONE: Goldregion_gold/state_0
ACTION: RENAMEDATASETVAR: NonLocalDirection-X [um]
ACTION: RENAMEDATASETVAR: NonLocalDirection-Y [um]
ACTION: RENAMEDATASETVAR: Abs(NonLocalDirection) [um]
ACTION: RENAMEDATASETZONE: GaSb_region8/state_0
ACTION: RENAMEDATASETVAR: NonLocalDirection-X [um]
ACTION: RENAMEDATASETVAR: NonLocalDirection-Y [um]
ACTION: RENAMEDATASETVAR: Abs(NonLocalDirection) [um]
ACTION: RENAMEDATASETZONE: GaSb_bot_window/state_0
ACTION: RENAMEDATASETVAR: NonLocalDirection-X [um]
ACTION: RENAMEDATASETVAR: NonLocalDirection-Y [um]
ACTION: RENAMEDATASETVAR: Abs(NonLocalDirection) [um]
ACTION: RENAMEDATASETZONE: Gold_region_1/state_0
ACTION: RENAMEDATASETVAR: NonLocalDirection-X [um]
ACTION: RENAMEDATASETVAR: NonLocalDirection-Y [um]
ACTION: RENAMEDATASETVAR: Abs(NonLocalDirection) [um]
ACTION: RENAMEDATASETZONE: GaAsSb_mid_window/state_0
ACTION: RENAMEDATASETVAR: NonLocalDirection-X [um]
ACTION: RENAMEDATASETVAR: NonLocalDirection-Y [um]
ACTION: RENAMEDATASETVAR: Abs(NonLocalDirection) [um]
ACTION: RENAMEDATASETZONE: GaAsSb_region5/state_0
ACTION: RENAMEDATASETVAR: NonLocalDirection-X [um]
ACTION: RENAMEDATASETVAR: NonLocalDirection-Y [um]
ACTION: RENAMEDATASETVAR: Abs(NonLocalDirection) [um]
ACTION: RENAMEDATASETZONE: GaSb_region9/state_0
ACTION: RENAMEDATASETVAR: NonLocalDirection-X [um]
ACTION: RENAMEDATASETVAR: NonLocalDirection-Y [um]
ACTION: RENAMEDATASETVAR: Abs(NonLocalDirection) [um]
ACTION: RENAMEDATASETZONE: GaSb_region10/state_0
ACTION: RENAMEDATASETVAR: NonLocalDirection-X [um]
ACTION: RENAMEDATASETVAR: NonLocalDirection-Y [um]
ACTION: RENAMEDATASETVAR: Abs(NonLocalDirection) [um]
ACTION: RENAMEDATASETZONE: GaAsSb_region6/state_0
ACTION: RENAMEDATASETVAR: NonLocalDirection-X [um]
ACTION: RENAMEDATASETVAR: NonLocalDirection-Y [um]
ACTION: RENAMEDATASETVAR: Abs(NonLocalDirection) [um]
ACTION: RENAMEDATASETZONE: GaAsSb_region7/state_0
ACTION: RENAMEDATASETVAR: NonLocalDirection-X [um]
ACTION: RENAMEDATASETVAR: NonLocalDirection-Y [um]
ACTION: RENAMEDATASETVAR: Abs(NonLocalDirection) [um]
ACTION: RENAMEDATASETZONE: GaSb_bot_BSF/state_0
ACTION: RENAMEDATASETVAR: NonLocalDirection-X [um]
ACTION: RENAMEDATASETVAR: NonLocalDirection-Y [um]
ACTION: RENAMEDATASETVAR: Abs(NonLocalDirection) [um]
ACTION: RENAMEDATASETZONE: GaAsSb_mid_BSF/state_0
ACTION: RENAMEDATASETVAR: NonLocalDirection-X [um]
ACTION: RENAMEDATASETVAR: NonLocalDirection-Y [um]
ACTION: RENAMEDATASETVAR: Abs(NonLocalDirection) [um]
ACTION: RENAMEDATASETZONE: MgF_region_1/state_0
ACTION: RENAMEDATASETVAR: NonLocalDirection-X [um]
ACTION: RENAMEDATASETVAR: NonLocalDirection-Y [um]
ACTION: RENAMEDATASETVAR: Abs(NonLocalDirection) [um]
ACTION: RENAMEDATASETZONE: TiOx_region_1/state_0
ACTION: RENAMEDATASETVAR: NonLocalDirection-X [um]
ACTION: RENAMEDATASETVAR: NonLocalDirection-Y [um]
ACTION: RENAMEDATASETVAR: Abs(NonLocalDirection) [um]
ACTION: RENAMEDATASETZONE: Goldregion_gold/state_0
ACTION: RENAMEDATASETVAR: NonLocalBackDirection-X [um]
ACTION: RENAMEDATASETVAR: NonLocalBackDirection-Y [um]
ACTION: RENAMEDATASETVAR: Abs(NonLocalBackDirection) [um]
ACTION: RENAMEDATASETZONE: GaSb_region8/state_0
ACTION: RENAMEDATASETVAR: NonLocalBackDirection-X [um]
ACTION: RENAMEDATASETVAR: NonLocalBackDirection-Y [um]
ACTION: RENAMEDATASETVAR: Abs(NonLocalBackDirection) [um]
ACTION: RENAMEDATASETZONE: GaSb_bot_window/state_0
ACTION: RENAMEDATASETVAR: NonLocalBackDirection-X [um]
ACTION: RENAMEDATASETVAR: NonLocalBackDirection-Y [um]
ACTION: RENAMEDATASETVAR: Abs(NonLocalBackDirection) [um]
ACTION: RENAMEDATASETZONE: Gold_region_1/state_0
ACTION: RENAMEDATASETVAR: NonLocalBackDirection-X [um]
ACTION: RENAMEDATASETVAR: NonLocalBackDirection-Y [um]
ACTION: RENAMEDATASETVAR: Abs(NonLocalBackDirection) [um]
ACTION: RENAMEDATASETZONE: GaAsSb_mid_window/state_0
ACTION: RENAMEDATASETVAR: NonLocalBackDirection-X [um]
ACTION: RENAMEDATASETVAR: NonLocalBackDirection-Y [um]
ACTION: RENAMEDATASETVAR: Abs(NonLocalBackDirection) [um]
ACTION: RENAMEDATASETZONE: GaAsSb_region5/state_0
ACTION: RENAMEDATASETVAR: NonLocalBackDirection-X [um]
ACTION: RENAMEDATASETVAR: NonLocalBackDirection-Y [um]
ACTION: RENAMEDATASETVAR: Abs(NonLocalBackDirection) [um]
ACTION: RENAMEDATASETZONE: GaSb_region9/state_0
ACTION: RENAMEDATASETVAR: NonLocalBackDirection-X [um]
ACTION: RENAMEDATASETVAR: NonLocalBackDirection-Y [um]
ACTION: RENAMEDATASETVAR: Abs(NonLocalBackDirection) [um]
ACTION: RENAMEDATASETZONE: GaSb_region10/state_0
ACTION: RENAMEDATASETVAR: NonLocalBackDirection-X [um]
ACTION: RENAMEDATASETVAR: NonLocalBackDirection-Y [um]
ACTION: RENAMEDATASETVAR: Abs(NonLocalBackDirection) [um]
ACTION: RENAMEDATASETZONE: GaAsSb_region6/state_0
ACTION: RENAMEDATASETVAR: NonLocalBackDirection-X [um]
ACTION: RENAMEDATASETVAR: NonLocalBackDirection-Y [um]
ACTION: RENAMEDATASETVAR: Abs(NonLocalBackDirection) [um]
ACTION: RENAMEDATASETZONE: GaAsSb_region7/state_0
ACTION: RENAMEDATASETVAR: NonLocalBackDirection-X [um]
ACTION: RENAMEDATASETVAR: NonLocalBackDirection-Y [um]
ACTION: RENAMEDATASETVAR: Abs(NonLocalBackDirection) [um]
ACTION: RENAMEDATASETZONE: GaSb_bot_BSF/state_0
ACTION: RENAMEDATASETVAR: NonLocalBackDirection-X [um]
ACTION: RENAMEDATASETVAR: NonLocalBackDirection-Y [um]
ACTION: RENAMEDATASETVAR: Abs(NonLocalBackDirection) [um]
ACTION: RENAMEDATASETZONE: GaAsSb_mid_BSF/state_0
ACTION: RENAMEDATASETVAR: NonLocalBackDirection-X [um]
ACTION: RENAMEDATASETVAR: NonLocalBackDirection-Y [um]
ACTION: RENAMEDATASETVAR: Abs(NonLocalBackDirection) [um]
ACTION: RENAMEDATASETZONE: MgF_region_1/state_0
ACTION: RENAMEDATASETVAR: NonLocalBackDirection-X [um]
ACTION: RENAMEDATASETVAR: NonLocalBackDirection-Y [um]
ACTION: RENAMEDATASETVAR: Abs(NonLocalBackDirection) [um]
ACTION: RENAMEDATASETZONE: TiOx_region_1/state_0
ACTION: RENAMEDATASETVAR: NonLocalBackDirection-X [um]
ACTION: RENAMEDATASETVAR: NonLocalBackDirection-Y [um]
ACTION: RENAMEDATASETVAR: Abs(NonLocalBackDirection) [um]
ACTION: RENAMEDATASETZONE: Goldregion_gold/state_0
ACTION: RENAMEDATASETVAR: QuasiFermiPotential [V]
ACTION: RENAMEDATASETZONE: GaSb_region8/state_0
ACTION: RENAMEDATASETVAR: QuasiFermiPotential [V]
ACTION: RENAMEDATASETZONE: GaSb_bot_window/state_0
ACTION: RENAMEDATASETVAR: QuasiFermiPotential [V]
ACTION: RENAMEDATASETZONE: Gold_region_1/state_0
ACTION: RENAMEDATASETVAR: QuasiFermiPotential [V]
ACTION: RENAMEDATASETZONE: GaAsSb_mid_window/state_0
ACTION: RENAMEDATASETVAR: QuasiFermiPotential [V]
ACTION: RENAMEDATASETZONE: GaAsSb_region5/state_0
ACTION: RENAMEDATASETVAR: QuasiFermiPotential [V]
ACTION: RENAMEDATASETZONE: GaSb_region9/state_0
ACTION: RENAMEDATASETVAR: QuasiFermiPotential [V]
ACTION: RENAMEDATASETZONE: GaSb_region10/state_0
ACTION: RENAMEDATASETVAR: QuasiFermiPotential [V]
ACTION: RENAMEDATASETZONE: GaAsSb_region6/state_0
ACTION: RENAMEDATASETVAR: QuasiFermiPotential [V]
ACTION: RENAMEDATASETZONE: GaAsSb_region7/state_0
ACTION: RENAMEDATASETVAR: QuasiFermiPotential [V]
ACTION: RENAMEDATASETZONE: GaSb_bot_BSF/state_0
ACTION: RENAMEDATASETVAR: QuasiFermiPotential [V]
ACTION: RENAMEDATASETZONE: GaAsSb_mid_BSF/state_0
ACTION: RENAMEDATASETVAR: QuasiFermiPotential [V]
ACTION: RENAMEDATASETZONE: MgF_region_1/state_0
ACTION: RENAMEDATASETVAR: QuasiFermiPotential [V]
ACTION: RENAMEDATASETZONE: TiOx_region_1/state_0
ACTION: RENAMEDATASETVAR: QuasiFermiPotential [V]
ACTION: RENAMEDATASETZONE: Goldregion_gold/state_0
ACTION: RENAMEDATASETVAR: Extrapolation_eDensity-X [cm^-3]
ACTION: RENAMEDATASETVAR: Extrapolation_eDensity-Y [cm^-3]
ACTION: RENAMEDATASETVAR: Abs(Extrapolation_eDensity) [cm^-3]
ACTION: RENAMEDATASETZONE: GaSb_region8/state_0
ACTION: RENAMEDATASETVAR: Extrapolation_eDensity-X [cm^-3]
ACTION: RENAMEDATASETVAR: Extrapolation_eDensity-Y [cm^-3]
ACTION: RENAMEDATASETVAR: Abs(Extrapolation_eDensity) [cm^-3]
ACTION: RENAMEDATASETZONE: GaSb_bot_window/state_0
ACTION: RENAMEDATASETVAR: Extrapolation_eDensity-X [cm^-3]
ACTION: RENAMEDATASETVAR: Extrapolation_eDensity-Y [cm^-3]
ACTION: RENAMEDATASETVAR: Abs(Extrapolation_eDensity) [cm^-3]
ACTION: RENAMEDATASETZONE: GaAsSb_mid_window/state_0
ACTION: RENAMEDATASETVAR: Extrapolation_eDensity-X [cm^-3]
ACTION: RENAMEDATASETVAR: Extrapolation_eDensity-Y [cm^-3]
ACTION: RENAMEDATASETVAR: Abs(Extrapolation_eDensity) [cm^-3]
ACTION: RENAMEDATASETZONE: GaAsSb_region5/state_0
ACTION: RENAMEDATASETVAR: Extrapolation_eDensity-X [cm^-3]
ACTION: RENAMEDATASETVAR: Extrapolation_eDensity-Y [cm^-3]
ACTION: RENAMEDATASETVAR: Abs(Extrapolation_eDensity) [cm^-3]
ACTION: RENAMEDATASETZONE: GaSb_region9/state_0
ACTION: RENAMEDATASETVAR: Extrapolation_eDensity-X [cm^-3]
ACTION: RENAMEDATASETVAR: Extrapolation_eDensity-Y [cm^-3]
ACTION: RENAMEDATASETVAR: Abs(Extrapolation_eDensity) [cm^-3]
ACTION: RENAMEDATASETZONE: GaSb_region10/state_0
ACTION: RENAMEDATASETVAR: Extrapolation_eDensity-X [cm^-3]
ACTION: RENAMEDATASETVAR: Extrapolation_eDensity-Y [cm^-3]
ACTION: RENAMEDATASETVAR: Abs(Extrapolation_eDensity) [cm^-3]
ACTION: RENAMEDATASETZONE: GaAsSb_region6/state_0
ACTION: RENAMEDATASETVAR: Extrapolation_eDensity-X [cm^-3]
ACTION: RENAMEDATASETVAR: Extrapolation_eDensity-Y [cm^-3]
ACTION: RENAMEDATASETVAR: Abs(Extrapolation_eDensity) [cm^-3]
ACTION: RENAMEDATASETZONE: GaAsSb_region7/state_0
ACTION: RENAMEDATASETVAR: Extrapolation_eDensity-X [cm^-3]
ACTION: RENAMEDATASETVAR: Extrapolation_eDensity-Y [cm^-3]
ACTION: RENAMEDATASETVAR: Abs(Extrapolation_eDensity) [cm^-3]
ACTION: RENAMEDATASETZONE: GaSb_bot_BSF/state_0
ACTION: RENAMEDATASETVAR: Extrapolation_eDensity-X [cm^-3]
ACTION: RENAMEDATASETVAR: Extrapolation_eDensity-Y [cm^-3]
ACTION: RENAMEDATASETVAR: Abs(Extrapolation_eDensity) [cm^-3]
ACTION: RENAMEDATASETZONE: GaAsSb_mid_BSF/state_0
ACTION: RENAMEDATASETVAR: Extrapolation_hDensity-X [cm^-3]
ACTION: RENAMEDATASETVAR: Extrapolation_hDensity-Y [cm^-3]
ACTION: RENAMEDATASETVAR: Abs(Extrapolation_hDensity) [cm^-3]
ACTION: RENAMEDATASETZONE: GaSb_region8/state_0
ACTION: RENAMEDATASETVAR: Extrapolation_hDensity-X [cm^-3]
ACTION: RENAMEDATASETVAR: Extrapolation_hDensity-Y [cm^-3]
ACTION: RENAMEDATASETVAR: Abs(Extrapolation_hDensity) [cm^-3]
ACTION: RENAMEDATASETZONE: GaSb_bot_window/state_0
ACTION: RENAMEDATASETVAR: Extrapolation_hDensity-X [cm^-3]
ACTION: RENAMEDATASETVAR: Extrapolation_hDensity-Y [cm^-3]
ACTION: RENAMEDATASETVAR: Abs(Extrapolation_hDensity) [cm^-3]
ACTION: RENAMEDATASETZONE: GaAsSb_mid_window/state_0
ACTION: RENAMEDATASETVAR: Extrapolation_hDensity-X [cm^-3]
ACTION: RENAMEDATASETVAR: Extrapolation_hDensity-Y [cm^-3]
ACTION: RENAMEDATASETVAR: Abs(Extrapolation_hDensity) [cm^-3]
ACTION: RENAMEDATASETZONE: GaAsSb_region5/state_0
ACTION: RENAMEDATASETVAR: Extrapolation_hDensity-X [cm^-3]
ACTION: RENAMEDATASETVAR: Extrapolation_hDensity-Y [cm^-3]
ACTION: RENAMEDATASETVAR: Abs(Extrapolation_hDensity) [cm^-3]
ACTION: RENAMEDATASETZONE: GaSb_region9/state_0
ACTION: RENAMEDATASETVAR: Extrapolation_hDensity-X [cm^-3]
ACTION: RENAMEDATASETVAR: Extrapolation_hDensity-Y [cm^-3]
ACTION: RENAMEDATASETVAR: Abs(Extrapolation_hDensity) [cm^-3]
ACTION: RENAMEDATASETZONE: GaSb_region10/state_0
ACTION: RENAMEDATASETVAR: Extrapolation_hDensity-X [cm^-3]
ACTION: RENAMEDATASETVAR: Extrapolation_hDensity-Y [cm^-3]
ACTION: RENAMEDATASETVAR: Abs(Extrapolation_hDensity) [cm^-3]
ACTION: RENAMEDATASETZONE: GaAsSb_region6/state_0
ACTION: RENAMEDATASETVAR: Extrapolation_hDensity-X [cm^-3]
ACTION: RENAMEDATASETVAR: Extrapolation_hDensity-Y [cm^-3]
ACTION: RENAMEDATASETVAR: Abs(Extrapolation_hDensity) [cm^-3]
ACTION: RENAMEDATASETZONE: GaAsSb_region7/state_0
ACTION: RENAMEDATASETVAR: Extrapolation_hDensity-X [cm^-3]
ACTION: RENAMEDATASETVAR: Extrapolation_hDensity-Y [cm^-3]
ACTION: RENAMEDATASETVAR: Abs(Extrapolation_hDensity) [cm^-3]
ACTION: RENAMEDATASETZONE: GaSb_bot_BSF/state_0
ACTION: RENAMEDATASETVAR: Extrapolation_hDensity-X [cm^-3]
ACTION: RENAMEDATASETVAR: Extrapolation_hDensity-Y [cm^-3]
ACTION: RENAMEDATASETVAR: Abs(Extrapolation_hDensity) [cm^-3]
ACTION: RENAMEDATASETZONE: GaAsSb_mid_BSF/state_0
ACTION: RENAMEDATASETVAR: Extrapolation_ElectrostaticPotential-X [V]
ACTION: RENAMEDATASETVAR: Extrapolation_ElectrostaticPotential-Y [V]
ACTION: RENAMEDATASETVAR: Abs(Extrapolation_ElectrostaticPotential) [V]
ACTION: RENAMEDATASETZONE: GaSb_region8/state_0
ACTION: RENAMEDATASETVAR: Extrapolation_ElectrostaticPotential-X [V]
ACTION: RENAMEDATASETVAR: Extrapolation_ElectrostaticPotential-Y [V]
ACTION: RENAMEDATASETVAR: Abs(Extrapolation_ElectrostaticPotential) [V]
ACTION: RENAMEDATASETZONE: GaSb_bot_window/state_0
ACTION: RENAMEDATASETVAR: Extrapolation_ElectrostaticPotential-X [V]
ACTION: RENAMEDATASETVAR: Extrapolation_ElectrostaticPotential-Y [V]
ACTION: RENAMEDATASETVAR: Abs(Extrapolation_ElectrostaticPotential) [V]
ACTION: RENAMEDATASETZONE: Gold_region_1/state_0
ACTION: RENAMEDATASETVAR: Extrapolation_ElectrostaticPotential-X [V]
ACTION: RENAMEDATASETVAR: Extrapolation_ElectrostaticPotential-Y [V]
ACTION: RENAMEDATASETVAR: Abs(Extrapolation_ElectrostaticPotential) [V]
ACTION: RENAMEDATASETZONE: GaAsSb_mid_window/state_0
ACTION: RENAMEDATASETVAR: Extrapolation_ElectrostaticPotential-X [V]
ACTION: RENAMEDATASETVAR: Extrapolation_ElectrostaticPotential-Y [V]
ACTION: RENAMEDATASETVAR: Abs(Extrapolation_ElectrostaticPotential) [V]
ACTION: RENAMEDATASETZONE: GaAsSb_region5/state_0
ACTION: RENAMEDATASETVAR: Extrapolation_ElectrostaticPotential-X [V]
ACTION: RENAMEDATASETVAR: Extrapolation_ElectrostaticPotential-Y [V]
ACTION: RENAMEDATASETVAR: Abs(Extrapolation_ElectrostaticPotential) [V]
ACTION: RENAMEDATASETZONE: GaSb_region9/state_0
ACTION: RENAMEDATASETVAR: Extrapolation_ElectrostaticPotential-X [V]
ACTION: RENAMEDATASETVAR: Extrapolation_ElectrostaticPotential-Y [V]
ACTION: RENAMEDATASETVAR: Abs(Extrapolation_ElectrostaticPotential) [V]
ACTION: RENAMEDATASETZONE: GaSb_region10/state_0
ACTION: RENAMEDATASETVAR: Extrapolation_ElectrostaticPotential-X [V]
ACTION: RENAMEDATASETVAR: Extrapolation_ElectrostaticPotential-Y [V]
ACTION: RENAMEDATASETVAR: Abs(Extrapolation_ElectrostaticPotential) [V]
ACTION: RENAMEDATASETZONE: GaAsSb_region6/state_0
ACTION: RENAMEDATASETVAR: Extrapolation_ElectrostaticPotential-X [V]
ACTION: RENAMEDATASETVAR: Extrapolation_ElectrostaticPotential-Y [V]
ACTION: RENAMEDATASETVAR: Abs(Extrapolation_ElectrostaticPotential) [V]
ACTION: RENAMEDATASETZONE: GaAsSb_region7/state_0
ACTION: RENAMEDATASETVAR: Extrapolation_ElectrostaticPotential-X [V]
ACTION: RENAMEDATASETVAR: Extrapolation_ElectrostaticPotential-Y [V]
ACTION: RENAMEDATASETVAR: Abs(Extrapolation_ElectrostaticPotential) [V]
ACTION: RENAMEDATASETZONE: GaSb_bot_BSF/state_0
ACTION: RENAMEDATASETVAR: Extrapolation_ElectrostaticPotential-X [V]
ACTION: RENAMEDATASETVAR: Extrapolation_ElectrostaticPotential-Y [V]
ACTION: RENAMEDATASETVAR: Abs(Extrapolation_ElectrostaticPotential) [V]
ACTION: RENAMEDATASETZONE: GaAsSb_mid_BSF/state_0
ACTION: RENAMEDATASETVAR: Extrapolation_ElectrostaticPotential-X [V]
ACTION: RENAMEDATASETVAR: Extrapolation_ElectrostaticPotential-Y [V]
ACTION: RENAMEDATASETVAR: Abs(Extrapolation_ElectrostaticPotential) [V]
ACTION: RENAMEDATASETZONE: MgF_region_1/state_0
ACTION: RENAMEDATASETVAR: Extrapolation_ElectrostaticPotential-X [V]
ACTION: RENAMEDATASETVAR: Extrapolation_ElectrostaticPotential-Y [V]
ACTION: RENAMEDATASETVAR: Abs(Extrapolation_ElectrostaticPotential) [V]
ACTION: RENAMEDATASETZONE: TiOx_region_1/state_0
ACTION: RENAMEDATASETVAR: Extrapolation_ElectrostaticPotential-X [V]
ACTION: RENAMEDATASETVAR: Extrapolation_ElectrostaticPotential-Y [V]
ACTION: RENAMEDATASETVAR: Abs(Extrapolation_ElectrostaticPotential) [V]
ACTION: RENAMEDATASETZONE: Goldregion_gold/state_0
ACTION: RENAMEDATASETVAR: Extrapolation_QuasiFermiPotential-X [V]
ACTION: RENAMEDATASETVAR: Extrapolation_QuasiFermiPotential-Y [V]
ACTION: RENAMEDATASETVAR: Abs(Extrapolation_QuasiFermiPotential) [V]
ACTION: RENAMEDATASETZONE: GaSb_region8/state_0
ACTION: RENAMEDATASETVAR: Extrapolation_QuasiFermiPotential-X [V]
ACTION: RENAMEDATASETVAR: Extrapolation_QuasiFermiPotential-Y [V]
ACTION: RENAMEDATASETVAR: Abs(Extrapolation_QuasiFermiPotential) [V]
ACTION: RENAMEDATASETZONE: GaSb_bot_window/state_0
ACTION: RENAMEDATASETVAR: Extrapolation_QuasiFermiPotential-X [V]
ACTION: RENAMEDATASETVAR: Extrapolation_QuasiFermiPotential-Y [V]
ACTION: RENAMEDATASETVAR: Abs(Extrapolation_QuasiFermiPotential) [V]
ACTION: RENAMEDATASETZONE: Gold_region_1/state_0
ACTION: RENAMEDATASETVAR: Extrapolation_QuasiFermiPotential-X [V]
ACTION: RENAMEDATASETVAR: Extrapolation_QuasiFermiPotential-Y [V]
ACTION: RENAMEDATASETVAR: Abs(Extrapolation_QuasiFermiPotential) [V]
ACTION: RENAMEDATASETZONE: GaAsSb_mid_window/state_0
ACTION: RENAMEDATASETVAR: Extrapolation_QuasiFermiPotential-X [V]
ACTION: RENAMEDATASETVAR: Extrapolation_QuasiFermiPotential-Y [V]
ACTION: RENAMEDATASETVAR: Abs(Extrapolation_QuasiFermiPotential) [V]
ACTION: RENAMEDATASETZONE: GaAsSb_region5/state_0
ACTION: RENAMEDATASETVAR: Extrapolation_QuasiFermiPotential-X [V]
ACTION: RENAMEDATASETVAR: Extrapolation_QuasiFermiPotential-Y [V]
ACTION: RENAMEDATASETVAR: Abs(Extrapolation_QuasiFermiPotential) [V]
ACTION: RENAMEDATASETZONE: GaSb_region9/state_0
ACTION: RENAMEDATASETVAR: Extrapolation_QuasiFermiPotential-X [V]
ACTION: RENAMEDATASETVAR: Extrapolation_QuasiFermiPotential-Y [V]
ACTION: RENAMEDATASETVAR: Abs(Extrapolation_QuasiFermiPotential) [V]
ACTION: RENAMEDATASETZONE: GaSb_region10/state_0
ACTION: RENAMEDATASETVAR: Extrapolation_QuasiFermiPotential-X [V]
ACTION: RENAMEDATASETVAR: Extrapolation_QuasiFermiPotential-Y [V]
ACTION: RENAMEDATASETVAR: Abs(Extrapolation_QuasiFermiPotential) [V]
ACTION: RENAMEDATASETZONE: GaAsSb_region6/state_0
ACTION: RENAMEDATASETVAR: Extrapolation_QuasiFermiPotential-X [V]
ACTION: RENAMEDATASETVAR: Extrapolation_QuasiFermiPotential-Y [V]
ACTION: RENAMEDATASETVAR: Abs(Extrapolation_QuasiFermiPotential) [V]
ACTION: RENAMEDATASETZONE: GaAsSb_region7/state_0
ACTION: RENAMEDATASETVAR: Extrapolation_QuasiFermiPotential-X [V]
ACTION: RENAMEDATASETVAR: Extrapolation_QuasiFermiPotential-Y [V]
ACTION: RENAMEDATASETVAR: Abs(Extrapolation_QuasiFermiPotential) [V]
ACTION: RENAMEDATASETZONE: GaSb_bot_BSF/state_0
ACTION: RENAMEDATASETVAR: Extrapolation_QuasiFermiPotential-X [V]
ACTION: RENAMEDATASETVAR: Extrapolation_QuasiFermiPotential-Y [V]
ACTION: RENAMEDATASETVAR: Abs(Extrapolation_QuasiFermiPotential) [V]
ACTION: RENAMEDATASETZONE: GaAsSb_mid_BSF/state_0
ACTION: RENAMEDATASETVAR: Extrapolation_QuasiFermiPotential-X [V]
ACTION: RENAMEDATASETVAR: Extrapolation_QuasiFermiPotential-Y [V]
ACTION: RENAMEDATASETVAR: Abs(Extrapolation_QuasiFermiPotential) [V]
ACTION: RENAMEDATASETZONE: MgF_region_1/state_0
ACTION: RENAMEDATASETVAR: Extrapolation_QuasiFermiPotential-X [V]
ACTION: RENAMEDATASETVAR: Extrapolation_QuasiFermiPotential-Y [V]
ACTION: RENAMEDATASETVAR: Abs(Extrapolation_QuasiFermiPotential) [V]
ACTION: RENAMEDATASETZONE: TiOx_region_1/state_0
ACTION: RENAMEDATASETVAR: Extrapolation_QuasiFermiPotential-X [V]
ACTION: RENAMEDATASETVAR: Extrapolation_QuasiFermiPotential-Y [V]
ACTION: RENAMEDATASETVAR: Abs(Extrapolation_QuasiFermiPotential) [V]
ACTION: RENAMEDATASETZONE: Goldregion_gold/state_0
ACTION: CONTOURLEVELS: NEW
ACTION: CREATECONTOURLINEZONES
ACTION: CONTOURLEVELS: NEW
ACTION: ALTERDATA: {tmp_ntype} = 0.0
ACTION: ALTERDATA: {tmp_ptype} = 0.0
ACTION: ALTERDATA: {tmp_depletion} = 0.0
ACTION: ALTERDATA: {tmp_ntype} = max( V21/(abs(V21)+1),0)
ACTION: ALTERDATA: {tmp_ptype} = max(-V21/(abs(V21)+1),0)
ACTION: ALTERDATA: {tmp_depletion} = {tmp_ntype} * V5 / (V21 + 10) - {tmp_ptype} * V6 / (V21 - 10)
ACTION: CONTOURLEVELS: NEW
ACTION: CREATECONTOURLINEZONES
ACTION: RENAMEDATASETZONE: depletion-region/state_0
ACTION: DELETEVARS
ACTION: DELETEVARS
ACTION: DELETEVARS
ACTION: CONTOURLEVELS: NEW
ACTION: ATTACHGEOM
ACTION: DELETEZONES
ACTION: DELETEVARS
ACTION: VIEW: FIT
ACTION: REDRAWALL
ACTION: DRAWGRAPHICS: YES
ACTION: VIEW: FIT
ACTION: DRAWGRAPHICS: NO
EXTENDEDCOMMAND: COMMANDPROCESSORID=Sentaurus Workbench Add-on COMMAND=SLICEMODE MergedZones
EXTENDEDCOMMAND: COMMANDPROCESSORID=Sentaurus Workbench Add-on COMMAND=ORTHOSLICE X -25 Active
ACTION: DRAWGRAPHICS: NO
ACTION: CREATESLICEZONEFROMPLANE
Err: Slicing plane does not intersect any volume zones.
ACTION: CREATESLICEZONEFROMPLANE
ACTION: RENAMEDATASETZONE: Slc: X=-25
ACTION: RENAMEDATASETZONE: Slc: X=-25
ACTION: RENAMEDATASETZONE: Slc: X=-25
ACTION: RENAMEDATASETZONE: Slc: X=-25
ACTION: RENAMEDATASETZONE: Slc: X=-25
ACTION: RENAMEDATASETZONE: Slc: X=-25
ACTION: RENAMEDATASETZONE: Slc: X=-25
ACTION: RENAMEDATASETZONE: Slc: X=-25
ACTION: RENAMEDATASETZONE: Slc: X=-25
ACTION: RENAMEDATASETZONE: Slc: X=-25
ACTION: RENAMEDATASETZONE: Slc: X=-25
ACTION: RENAMEDATASETZONE: Slc: X=-25
ACTION: DELETEZONES
ACTION: RENAMEDATASETZONE: 1: X=-25 Multi/Multi
ACTION: CREATENEWFRAME
ACTION: DELETELINEMAPS
ACTION: ATTACHGEOM
ACTION: ATTACHGEOM
ACTION: ATTACHGEOM
ACTION: DRAWGRAPHICS: YES
EXTENDEDCOMMAND: COMMANDPROCESSORID=Sentaurus Workbench Add-on COMMAND=SET_PREFERENCE ListCoordinateVariables 1
EXTENDEDCOMMAND: COMMANDPROCESSORID=Sentaurus Workbench Add-on COMMAND=GET_VARNUM_BY_TDR_QUANTITY "Y" varnrY
EXTENDEDCOMMAND: COMMANDPROCESSORID=Sentaurus Workbench Add-on COMMAND=GET_VARNUM_BY_TDR_QUANTITY "ConductionBandEnergy" varnrCB
EXTENDEDCOMMAND: COMMANDPROCESSORID=Sentaurus Workbench Add-on COMMAND=GET_VARNUM_BY_TDR_QUANTITY "ValenceBandEnergy" varnrVB
ACTION: DELETELINEMAPS
ACTION: CREATELINEMAP
ACTION: CREATELINEMAP
ACTION: VIEW: FIT
ACTION: VIEW: AXISNICEFIT
EXTENDEDCOMMAND: COMMANDPROCESSORID=Sentaurus Workbench Add-on COMMAND=GET_VARNUM_BY_TDR_QUANTITY "eLifetime" varnreLifetime
EXTENDEDCOMMAND: COMMANDPROCESSORID=Sentaurus Workbench Add-on COMMAND=GET_VARNUM_BY_TDR_QUANTITY "eMobility" varnreMobility
EXTENDEDCOMMAND: COMMANDPROCESSORID=Sentaurus Workbench Add-on COMMAND=GET_VARNUM_BY_TDR_QUANTITY "hLifetime" varnrhLifetime
EXTENDEDCOMMAND: COMMANDPROCESSORID=Sentaurus Workbench Add-on COMMAND=GET_VARNUM_BY_TDR_QUANTITY "hMobility" varnrhMobility
ACTION: ALTERDATA: {eDiffusionLength_um}=SQRT(V37*V10*0.0258520)*1e4
ACTION: ALTERDATA: {hDiffusionLength_um}=SQRT(V38*V11*0.0258520)*1e4
ACTION: ALTERDATA: {eDiffusionCoeff_cm2s-1}=V10*0.0258520
ACTION: ALTERDATA: {hDiffusionCoeff_cm2s-1}=V11*0.0258520
