****************************************************************************
***                            Sentaurus Mesh                            ***
***                          Version G-2012.06                           ***
***                         (1.5, amd64, linux)                          ***
***                                                                      ***
***                       Copyright (C) 2005-2012                        ***
***                            Synopsys, Inc.                          ***
***                                                                      ***
***  This software and the associated documentation are confidential     ***
***  and proprietary to Synopsys, Inc.  Your use or disclosure of this   ***
***  software is subject to the terms and conditions of a written        ***
***  license agreement between you, or your company, and Synopsys, Inc.  ***
****************************************************************************

Compiled Fri Apr 13 01:01:31 PDT 2012 on: tcadprod5
Running on: sunfire47
Process ID: 8765

Flags used:

** Generating 2d grid **

Creating binary tree...done.
Imprinting binary tree on the boundary...done.
Optimizing boundary nodes...done.

Number of vertices after binary tree generation : 
  11616 (tree) + 1133 (boundary)

** Delaunizing the mesh **

Creating delaunizer input...done.
Solving edges...done 
Optimizing elements...done. (12334 vertices)
Fixing diagonals...done.

The final mesh has: 
   12330 points.
   23876 elements.
      15 regions.
Max. connectivity = 7 located at (-24;-0)


==============================  tri-grid quality  ================================
    0  10  20  30  40  50  60  70  80  90 100 110 120 130 140 150 160 170 180
 %   33  .   .                   .   .   66                                
---------------------------------------------------------------------------------
minAngle: 0.00524614  maxAngle: 90
nVerts = 12330  nTris = 23876  nMats = 13
max connectivity (tris per node): 7
bmin: -25 -0.607
bmax: 25 4.55
min edgeLength: 0.000143066  [near (-23.4375 0.0400715)]
min volume: 4.02374e-05  max volume: 0.125903  Total volume: 257.85
bbox  volume: 257.85
Are all boundaries on bbox? true
=================================================================================
Interpolating data...done.
done.
Saving file n71_msh.tdr...done.
