****************************************************************************
***                      Sentaurus Structure Editor                      ***
***                          Version G-2012.06                           ***
***                         (1.3, amd64, linux)                          ***
***                                                                      ***
***               Copyright (C) 1994-2012 Synopsys, Inc.                 ***
***        Portions of this software are owned by Spatial Corp.          ***
***            Copyright (C) 1986-2012. All Rights Reserved.             ***
***                                                                      ***
***  This software and the associated documentation are confidential     ***
***  and proprietary to Synopsys, Inc.  Your use or disclosure of this   ***
***  software is subject to the terms and conditions of a written        ***
***  license agreement between you, or your company, and Synopsys, Inc.  ***
****************************************************************************

Compiled Thu Apr 19 23:14:21 PDT 2012 on tcadprod5

Machine type information not available.

Evaluating file n71_dvs.cmd

---> (sde:clear)

---> (define node 71)

---> (define MATERIALS (list Al.2Ga.8Sb Al.2Ga.8Sb Al.2Ga.8Sb Al.2Ga.8Sb InAlAs InAlAs GaSb GaSb GaSb GaSb Gold))

---> (define WIDTHS (list 50.0 50.0 50.0 50.0 50.0 50.0 50.0 50.0 50.0 50.0 50.0))

---> (define HEIGHTS (list 0.04 0.3 0.7 0.05 0.03 0.03 0.1 0.3 2 0.5 0.5))

---> (define REGION_LABELS (list _mid_window _region5 _region6 _mid_BSF _region7 _region8 _bot_window _region9 _region10 _bot_BSF region_gold))

---> (define DOPING_CONCENTRATIONS (list 1e+17 5e+16 5e+16 1e+18 1e+19 1e+19 5e+17 5e+16 5e+16 1e+18 10000000000.0))

---> (define DOPANT_SPECIES (list PhosphorusActiveConcentration PhosphorusActiveConcentration BoronActiveConcentration BoronActiveConcentration BoronActiveConcentration PhosphorusActiveConcentration PhosphorusActiveConcentration PhosphorusActiveConcentration BoronActiveConcentration BoronActiveConcentration PhosphorusActiveConcentration))


---> (define Y 0)

---> (define X 0)

---> (sdegeo:create-rectangle (position -25.0 0 0) (position -24.0 -0.607 0) Gold Gold_region_1)


---> (sdegeo:create-rectangle (position -24.0 0.521 0) (position 25.0 -0.607 0) MgF MgF_region_1)






****************************************************************************
***                            Sentaurus Mesh                            ***
***                          Version G-2012.06                           ***
***                         (1.5, amd64, linux)                          ***
***                                                                      ***
***                       Copyright (C) 2005-2012                        ***
***                            Synopsys, Inc.                          ***
***                                                                      ***
***  This software and the associated documentation are confidential     ***
***  and proprietary to Synopsys, Inc.  Your use or disclosure of this   ***
***  software is subject to the terms and conditions of a written        ***
***  license agreement between you, or your company, and Synopsys, Inc.  ***
****************************************************************************

Compiled Fri Apr 13 01:01:31 PDT 2012 on: tcadprod5
Running on: sunfire47
Process ID: 8765

Flags used:

** Generating 2d grid **

Creating binary tree...done.
Imprinting binary tree on the boundary...done.
Optimizing boundary nodes...done.

Number of vertices after binary tree generation : 
  11616 (tree) + 1133 (boundary)


=================================  brep2d quality  =====================================
minAngle: 90  [near (-25 -0)] at region=Gold_region_1
nVerts = 1133  nTris = 1145  nRegs = 15
bmin: -25 -0.607
bmax: 25 4.55
min area: 0.000176758  max area: 1.5625  total area  : 660.921 interface area: 550.607
total volume: 257.85
Conformal? true
Are all boundaries on bbox? true
==================================================================================
** Delaunizing the mesh **

Creating delaunizer input...done.
Solving edges...done 
Optimizing elements...done. (12334 vertices)
Fixing diagonals...done.

The final mesh has: 
   12330 points.
   23876 elements.
      15 regions.
Max. connectivity = 7 located at (-24;-0)


==============================  tri-grid quality  ================================
    0  10  20  30  40  50  60  70  80  90 100 110 120 130 140 150 160 170 180
 %   33  .   .                   .   .   66                                
---------------------------------------------------------------------------------
minAngle: 0.00524614  maxAngle: 90
nVerts = 12330  nTris = 23876  nMats = 13
max connectivity (tris per node): 7
bmin: -25 -0.607
bmax: 25 4.55
min edgeLength: 0.000143066  [near (-23.4375 0.0400715)]
min volume: 4.02374e-05  max volume: 0.125903  Total volume: 257.85
bbox  volume: 257.85
Are all boundaries on bbox? true
=================================================================================
Interpolating data...done.
done.
Saving file n71_msh.tdr...done.


"Meshing successful"
---> #[end-of-file]

"************************************************************************"
"Sentaurus Structure Editor "
"Start Time:    Tue Mar 11 18:24:35 2014"
"End   Time:    Tue Mar 11 18:24:43 2014"
"Total Execution Time (sec):    0"
"Total System calls Time (sec): 0"
"************************************************************************"
