****************************************************************************
***                      Sentaurus Structure Editor                      ***
***                          Version G-2012.06                           ***
***                         (1.3, amd64, linux)                          ***
***                                                                      ***
***               Copyright (C) 1994-2012 Synopsys, Inc.                 ***
***        Portions of this software are owned by Spatial Corp.          ***
***            Copyright (C) 1986-2012. All Rights Reserved.             ***
***                                                                      ***
***  This software and the associated documentation are confidential     ***
***  and proprietary to Synopsys, Inc.  Your use or disclosure of this   ***
***  software is subject to the terms and conditions of a written        ***
***  license agreement between you, or your company, and Synopsys, Inc.  ***
****************************************************************************

Compiled Thu Apr 19 23:14:21 PDT 2012 on tcadprod5

Machine type information not available.

Evaluating file n291_dvs.cmd

---> (sde:clear)

---> (define node 291)

---> (define MATERIALS (list AlInP AlInP AlInP AlInP InAlAs InAlAs GaInP GaInP GaInP GaInP InAlAs InAlAs GaAs GaAs GaAs GaAs Gold))

---> (define WIDTHS (list 50.0 50.0 50.0 50.0 50.0 50.0 50.0 50.0 50.0 50.0 50.0 50.0 50.0 50.0 50.0 50.0 50.0))

---> (define HEIGHTS (list 0.04 0.3 0.5 0.05 0.03 0.03 0.1 0.5 3 0.1 0.03 0.03 0.1 0.3 3 0.5 0.5))


---> (define DOPING_CONCENTRATIONS (list 5e+17 5e+16 5e+16 1e+18 1e+19 1e+19 5e+17 1e+17 1e+17 1e+18 1e+19 1e+19 1e+17 1e+16 1e+16 1e+18 10000000000.0))



---> (define Y 0)

---> (define X 0)

---> (sdegeo:create-rectangle (position -25.0 0 0) (position -24.0 -0.321 0) Gold Gold_region_1)

---> (sdegeo:create-rectangle (position -24.0 0 0) (position 25.0 -0.126 0) TiOx TiOx_region_1)

---> (sdegeo:create-rectangle (position -24.0 -0.126 0) (position 25.0 -0.321 0) MgF MgF_region_1)


---> (sdegeo:define-contact-set front 4.0 (color:rgb 1 1 0) ##)

---> (sdegeo:define-contact-set back 4.0 (color:rgb 1 0 0) ##)


---> (sdegeo:define-2d-contact (find-edge-id (position 0.1 Y 0)) front)
p
****************************************************************************
***                            Sentaurus Mesh                            ***
***                          Version G-2012.06                           ***
***                         (1.5, amd64, linux)                          ***
***                                                                      ***
***                       Copyright (C) 2005-2012                        ***
***                            Synopsys, Inc.                          ***
***                                                                      ***
***  This software and the associated documentation are confidential     ***
***  and proprietary to Synopsys, Inc.  Your use or disclosure of this   ***
***  software is subject to the terms and conditions of a written        ***
***  license agreement between you, or your company, and Synopsys, Inc.  ***
****************************************************************************

Compiled Fri Apr 13 01:01:31 PDT 2012 on: tcadprod5
Running on: sunfire47
Process ID: 23616

Flags used:

** Generating 2d grid **

Creating binary tree...done.
Imprinting binary tree on the boundary...done.
Optimizing boundary nodes...done.

Number of vertices after binary tree generation : 
  15807 (tree) + 1613 (boundary)


=================================  brep2d quality  =====================================
minAngle: 90  [near (-25 0.04)] at region=AlInP_top_window
nVerts = 1613  nTris = 1632  nRegs = 22
bmin: -25 -0.321
bmax: 25 9.11
min area: 0.000197388  max area: 1.5625  total area  : 1018.18 interface area: 899.321
total volume: 471.55
Conformal? true
Are all boundaries on bbox? true
==================================================================================
** Delaunizing the mesh **

Creating delaunizer input...done.
Solving edges...done 
Optimizing elements...done. (16852 vertices)
Fixing diagonals...done.

The final mesh has: 
   16848 points.
   32649 elements.
      22 regions.
Max. connectivity = 7 located at (-24;0.95)


==============================  tri-grid quality  ================================
    0  10  20  30  40  50  60  70  80  90 100 110 120 130 140 150 160 170 180
 %   31   3                           3  64                                
---------------------------------------------------------------------------------
minAngle: 0.000931056  maxAngle: 90
nVerts = 16848  nTris = 32649  nMats = 20
max connectivity (tris per node): 7
bmin: -25 -0.321
bmax: 25 9.11
min edgeLength: 2.53906e-05  [near (20.3125 0.949987)]
min volume: 7.14111e-06  max volume: 0.115125  Total volume: 471.55
bbox  volume: 471.55
Are all boundaries on bbox? true
=================================================================================
Interpolating data...done.
done.
Saving file n291_msh.tdr...done.
---> (sde:build-mesh snmesh  (string-append n node _msh))


"Meshing successful"
---> #[end-of-file]

"************************************************************************"
"Sentaurus Structure Editor "
"Start Time:    Tue Mar 11 16:09:59 2014"
"End   Time:    Tue Mar 11 16:10:10 2014"
"Total Execution Time (sec):    0"
"Total System calls Time (sec): 0"
"************************************************************************"
